BASH$ cmake -H. -Bbuild -GXcode
-- [hunter] Calculating Toolchain-SHA1
-- [hunter] Calculating Config-SHA1
-- [hunter] HUNTER_ROOT: /Users/username/.hunter
-- [hunter] [ Hunter-ID: 67ab3a0 | Toolchain-ID: e6fe91d | Config-ID: 3db3de9 ]
-- [hunter] YAML-CPP_ROOT: /Users/username/.hunter/_Base/67ab3a0/e6fe91d/3db3de9/Install (ver.: 0.5.3-plus-p0)
-- [hunter] Building yaml-cpp
loading initial cache file /Users/username/.hunter/_Base/67ab3a0/e6fe91d/3db3de9/cache.cmake
loading initial cache file /Users/username/.hunter/_Base/67ab3a0/e6fe91d/3db3de9/Build/yaml-cpp/args.cmake
-- The C compiler identification is AppleClang 9.0.0.9000039
-- The CXX compiler identification is AppleClang 9.0.0.9000039
-- Check for working C compiler: /Applications/Xcode.app/Contents/Developer/Toolchains/XcodeDefault.xctoolchain/usr/bin/clang
-- Check for working C compiler: /Applications/Xcode.app/Contents/Developer/Toolchains/XcodeDefault.xctoolchain/usr/bin/clang -- works
-- Detecting C compile features
-- Detecting C compile features - done
-- Check for working CXX compiler: /Applications/Xcode.app/Contents/Developer/Toolchains/XcodeDefault.xctoolchain/usr/bin/clang++
-- Check for working CXX compiler: /Applications/Xcode.app/Contents/Developer/Toolchains/XcodeDefault.xctoolchain/usr/bin/clang++ -- works
-- Detecting CXX compile features
-- Detecting CXX compile features - done
-- Configuring done
-- Generating done
-- Build files have been written to: /Users/username/.hunter/_Base/67ab3a0/e6fe91d/3db3de9/Build/yaml-cpp/Build
=== BUILD AGGREGATE TARGET ZERO_CHECK OF PROJECT Hunter WITH CONFIGURATION Debug ===

Check dependencies

Write auxiliary files
write-file /Users/username/.hunter/_Base/67ab3a0/e6fe91d/3db3de9/Build/yaml-cpp/Build/Hunter.build/Debug/ZERO_CHECK.build/Script-70A64F5E87F54E6DB6D04CC9.sh
chmod 0755 /Users/username/.hunter/_Base/67ab3a0/e6fe91d/3db3de9/Build/yaml-cpp/Build/Hunter.build/Debug/ZERO_CHECK.build/Script-70A64F5E87F54E6DB6D04CC9.sh

PhaseScriptExecution CMake\ Rules Build/Hunter.build/Debug/ZERO_CHECK.build/Script-70A64F5E87F54E6DB6D04CC9.sh
    cd /Users/username/.hunter/_Base/67ab3a0/e6fe91d/3db3de9/Build/yaml-cpp
    /bin/sh -c /Users/username/.hunter/_Base/67ab3a0/e6fe91d/3db3de9/Build/yaml-cpp/Build/Hunter.build/Debug/ZERO_CHECK.build/Script-70A64F5E87F54E6DB6D04CC9.sh
echo ""

make -f /Users/username/.hunter/_Base/67ab3a0/e6fe91d/3db3de9/Build/yaml-cpp/Build/CMakeScripts/ReRunCMake.make
make[1]: `/Users/username/.hunter/_Base/67ab3a0/e6fe91d/3db3de9/Build/yaml-cpp/Build/CMakeFiles/cmake.check_cache' is up to date.

=== BUILD AGGREGATE TARGET yaml-cpp-Release OF PROJECT Hunter WITH CONFIGURATION Debug ===

Check dependencies

Write auxiliary files
write-file /Users/username/.hunter/_Base/67ab3a0/e6fe91d/3db3de9/Build/yaml-cpp/Build/Hunter.build/Debug/yaml-cpp-Release.build/Script-DEBC0C6110EC4AAC8CD5AF8B.sh
chmod 0755 /Users/username/.hunter/_Base/67ab3a0/e6fe91d/3db3de9/Build/yaml-cpp/Build/Hunter.build/Debug/yaml-cpp-Release.build/Script-DEBC0C6110EC4AAC8CD5AF8B.sh

PhaseScriptExecution CMake\ Rules Build/Hunter.build/Debug/yaml-cpp-Release.build/Script-DEBC0C6110EC4AAC8CD5AF8B.sh
    cd /Users/username/.hunter/_Base/67ab3a0/e6fe91d/3db3de9/Build/yaml-cpp
    /bin/sh -c /Users/username/.hunter/_Base/67ab3a0/e6fe91d/3db3de9/Build/yaml-cpp/Build/Hunter.build/Debug/yaml-cpp-Release.build/Script-DEBC0C6110EC4AAC8CD5AF8B.sh
echo "Creating directories for 'yaml-cpp-Release'"
Creating directories for 'yaml-cpp-Release'
/usr/local/Cellar/cmake/3.10.0/bin/cmake -E make_directory /Users/username/.hunter/_Base/67ab3a0/e6fe91d/3db3de9/Build/yaml-cpp/Source
/usr/local/Cellar/cmake/3.10.0/bin/cmake -E make_directory /Users/username/.hunter/_Base/67ab3a0/e6fe91d/3db3de9/Build/yaml-cpp/Build/yaml-cpp-Release-prefix/src/yaml-cpp-Release-build
/usr/local/Cellar/cmake/3.10.0/bin/cmake -E make_directory /Users/username/.hunter/_Base/67ab3a0/e6fe91d/3db3de9/Build/yaml-cpp/Install
/usr/local/Cellar/cmake/3.10.0/bin/cmake -E make_directory /Users/username/.hunter/_Base/67ab3a0/e6fe91d/3db3de9/Build/yaml-cpp/Build/yaml-cpp-Release-prefix/tmp
/usr/local/Cellar/cmake/3.10.0/bin/cmake -E make_directory /Users/username/.hunter/_Base/67ab3a0/e6fe91d/3db3de9/Build/yaml-cpp/Build/yaml-cpp-Release-prefix/src/yaml-cpp-Release-stamp/Debug
/usr/local/Cellar/cmake/3.10.0/bin/cmake -E make_directory /Users/username/.hunter/_Base/Download/yaml-cpp/0.5.3-plus-p0/3f612ce
/usr/local/Cellar/cmake/3.10.0/bin/cmake -E touch /Users/username/.hunter/_Base/67ab3a0/e6fe91d/3db3de9/Build/yaml-cpp/Build/yaml-cpp-Release-prefix/src/yaml-cpp-Release-stamp/Debug/yaml-cpp-Release-mkdir
echo "Performing download step (download, verify and extract) for 'yaml-cpp-Release'"
Performing download step (download, verify and extract) for 'yaml-cpp-Release'
cd /Users/username/.hunter/_Base/67ab3a0/e6fe91d/3db3de9/Build/yaml-cpp && /usr/local/Cellar/cmake/3.10.0/bin/cmake -P /Users/username/.hunter/_Base/67ab3a0/e6fe91d/3db3de9/Build/yaml-cpp/Build/yaml-cpp-Release-prefix/src/yaml-cpp-Release-stamp/download-yaml-cpp-Release.cmake
-- verifying file...
       file='/Users/username/.hunter/_Base/Download/yaml-cpp/0.5.3-plus-p0/3f612ce/release-0.5.3-plus-p0.zip'
-- File already exists and hash match (skip download):
  file='/Users/username/.hunter/_Base/Download/yaml-cpp/0.5.3-plus-p0/3f612ce/release-0.5.3-plus-p0.zip'
  SHA1='3f612ceea5c983748368b6a543678f3d77e5ecc8'
cd /Users/username/.hunter/_Base/67ab3a0/e6fe91d/3db3de9/Build/yaml-cpp && /usr/local/Cellar/cmake/3.10.0/bin/cmake -P /Users/username/.hunter/_Base/67ab3a0/e6fe91d/3db3de9/Build/yaml-cpp/Build/yaml-cpp-Release-prefix/src/yaml-cpp-Release-stamp/verify-yaml-cpp-Release.cmake
cd /Users/username/.hunter/_Base/67ab3a0/e6fe91d/3db3de9/Build/yaml-cpp && /usr/local/Cellar/cmake/3.10.0/bin/cmake -P /Users/username/.hunter/_Base/67ab3a0/e6fe91d/3db3de9/Build/yaml-cpp/Build/yaml-cpp-Release-prefix/src/yaml-cpp-Release-stamp/extract-yaml-cpp-Release.cmake
-- extracting...
     src='/Users/username/.hunter/_Base/Download/yaml-cpp/0.5.3-plus-p0/3f612ce/release-0.5.3-plus-p0.zip'
     dst='/Users/username/.hunter/_Base/67ab3a0/e6fe91d/3db3de9/Build/yaml-cpp/Source'
-- extracting... [tar xfz]
-- extracting... [analysis]
-- extracting... [rename]
-- extracting... [clean up]
-- extracting... done
cd /Users/username/.hunter/_Base/67ab3a0/e6fe91d/3db3de9/Build/yaml-cpp && /usr/local/Cellar/cmake/3.10.0/bin/cmake -E touch /Users/username/.hunter/_Base/67ab3a0/e6fe91d/3db3de9/Build/yaml-cpp/Build/yaml-cpp-Release-prefix/src/yaml-cpp-Release-stamp/Debug/yaml-cpp-Release-download
echo "No update step for 'yaml-cpp-Release'"
No update step for 'yaml-cpp-Release'
/usr/local/Cellar/cmake/3.10.0/bin/cmake -E echo_append
/usr/local/Cellar/cmake/3.10.0/bin/cmake -E touch /Users/username/.hunter/_Base/67ab3a0/e6fe91d/3db3de9/Build/yaml-cpp/Build/yaml-cpp-Release-prefix/src/yaml-cpp-Release-stamp/Debug/yaml-cpp-Release-update
echo "No patch step for 'yaml-cpp-Release'"
No patch step for 'yaml-cpp-Release'
/usr/local/Cellar/cmake/3.10.0/bin/cmake -E echo_append
/usr/local/Cellar/cmake/3.10.0/bin/cmake -E touch /Users/username/.hunter/_Base/67ab3a0/e6fe91d/3db3de9/Build/yaml-cpp/Build/yaml-cpp-Release-prefix/src/yaml-cpp-Release-stamp/Debug/yaml-cpp-Release-patch
echo "Performing configure step for 'yaml-cpp-Release'"
Performing configure step for 'yaml-cpp-Release'
cd /Users/username/.hunter/_Base/67ab3a0/e6fe91d/3db3de9/Build/yaml-cpp/Build/yaml-cpp-Release-prefix/src/yaml-cpp-Release-build && /usr/local/Cellar/cmake/3.10.0/bin/cmake -GXcode -C/Users/username/.hunter/_Base/67ab3a0/e6fe91d/3db3de9/cache.cmake -C/Users/username/.hunter/_Base/67ab3a0/e6fe91d/3db3de9/Build/yaml-cpp/args.cmake -DCMAKE_RELEASE_POSTFIX= -DCMAKE_CONFIGURATION_TYPES=Release -DCMAKE_INSTALL_PREFIX=/Users/username/.hunter/_Base/67ab3a0/e6fe91d/3db3de9/Build/yaml-cpp/Install -DCMAKE_TOOLCHAIN_FILE=/Users/username/.hunter/_Base/67ab3a0/e6fe91d/3db3de9/Build/yaml-cpp/toolchain.cmake -DCMAKE_MAKE_PROGRAM=/usr/bin/xcodebuild -GXcode /Users/username/.hunter/_Base/67ab3a0/e6fe91d/3db3de9/Build/yaml-cpp/Source
loading initial cache file /Users/username/.hunter/_Base/67ab3a0/e6fe91d/3db3de9/cache.cmake
loading initial cache file /Users/username/.hunter/_Base/67ab3a0/e6fe91d/3db3de9/Build/yaml-cpp/args.cmake
CMake Deprecation Warning at CMakeLists.txt:9 (cmake_policy):
  The OLD behavior for policy CMP0012 will be removed from a future version
  of CMake.

  The cmake-policies(7) manual explains that the OLD behaviors of all
  policies are deprecated and that a policy should be set to OLD only under
  specific short-term circumstances.  Projects should be ported to the NEW
  behavior and not rely on setting a policy to OLD.


CMake Deprecation Warning at CMakeLists.txt:13 (cmake_policy):
  The OLD behavior for policy CMP0015 will be removed from a future version
  of CMake.

  The cmake-policies(7) manual explains that the OLD behaviors of all
  policies are deprecated and that a policy should be set to OLD only under
  specific short-term circumstances.  Projects should be ported to the NEW
  behavior and not rely on setting a policy to OLD.


-- The C compiler identification is AppleClang 9.0.0.9000039
-- The CXX compiler identification is AppleClang 9.0.0.9000039
-- Check for working C compiler: /Applications/Xcode.app/Contents/Developer/Toolchains/XcodeDefault.xctoolchain/usr/bin/clang
-- Check for working C compiler: /Applications/Xcode.app/Contents/Developer/Toolchains/XcodeDefault.xctoolchain/usr/bin/clang -- works
-- Detecting C compile features
-- Detecting C compile features - done
-- Check for working CXX compiler: /Applications/Xcode.app/Contents/Developer/Toolchains/XcodeDefault.xctoolchain/usr/bin/clang++
-- Check for working CXX compiler: /Applications/Xcode.app/Contents/Developer/Toolchains/XcodeDefault.xctoolchain/usr/bin/clang++ -- works
-- Detecting CXX compile features
-- Detecting CXX compile features - done
-- Performing Test FLAG_WEXTRA
-- Performing Test FLAG_WEXTRA - Success
-- Configuring done
-- Generating done
-- Build files have been written to: /Users/username/.hunter/_Base/67ab3a0/e6fe91d/3db3de9/Build/yaml-cpp/Build/yaml-cpp-Release-prefix/src/yaml-cpp-Release-build
cd /Users/username/.hunter/_Base/67ab3a0/e6fe91d/3db3de9/Build/yaml-cpp/Build/yaml-cpp-Release-prefix/src/yaml-cpp-Release-build && /usr/local/Cellar/cmake/3.10.0/bin/cmake -E touch /Users/username/.hunter/_Base/67ab3a0/e6fe91d/3db3de9/Build/yaml-cpp/Build/yaml-cpp-Release-prefix/src/yaml-cpp-Release-stamp/Debug/yaml-cpp-Release-configure
echo "Performing build step for 'yaml-cpp-Release'"
Performing build step for 'yaml-cpp-Release'
cd /Users/username/.hunter/_Base/67ab3a0/e6fe91d/3db3de9/Build/yaml-cpp/Build/yaml-cpp-Release-prefix/src/yaml-cpp-Release-build && /usr/local/Cellar/cmake/3.10.0/bin/cmake --build . --config Release -- -jobs 32
User defaults from command line:
    IDEBuildOperationMaxNumberOfConcurrentCompileTasks = 32

Build settings from command line:
    TOOLCHAINS = com.apple.dt.toolchain.XcodeDefault

Build Preparation
Build task concurrency set to 32 via user default IDEBuildOperationMaxNumberOfConcurrentCompileTasks

=== BUILD AGGREGATE TARGET ZERO_CHECK OF PROJECT yaml-cpp WITH CONFIGURATION Release ===

Check dependencies

Write auxiliary files
write-file /Users/username/.hunter/_Base/67ab3a0/e6fe91d/3db3de9/Build/yaml-cpp/Build/yaml-cpp-Release-prefix/src/yaml-cpp-Release-build/yaml-cpp.build/Release/ZERO_CHECK.build/Script-F8303D2273C7469BBD17DF38.sh
chmod 0755 /Users/username/.hunter/_Base/67ab3a0/e6fe91d/3db3de9/Build/yaml-cpp/Build/yaml-cpp-Release-prefix/src/yaml-cpp-Release-build/yaml-cpp.build/Release/ZERO_CHECK.build/Script-F8303D2273C7469BBD17DF38.sh

PhaseScriptExecution CMake\ Rules /Users/username/.hunter/_Base/67ab3a0/e6fe91d/3db3de9/Build/yaml-cpp/Build/yaml-cpp-Release-prefix/src/yaml-cpp-Release-build/yaml-cpp.build/Release/ZERO_CHECK.build/Script-F8303D2273C7469BBD17DF38.sh
    cd /Users/username/.hunter/_Base/67ab3a0/e6fe91d/3db3de9/Build/yaml-cpp/Source
    /bin/sh -c /Users/username/.hunter/_Base/67ab3a0/e6fe91d/3db3de9/Build/yaml-cpp/Build/yaml-cpp-Release-prefix/src/yaml-cpp-Release-build/yaml-cpp.build/Release/ZERO_CHECK.build/Script-F8303D2273C7469BBD17DF38.sh
echo ""

make -f /Users/username/.hunter/_Base/67ab3a0/e6fe91d/3db3de9/Build/yaml-cpp/Build/yaml-cpp-Release-prefix/src/yaml-cpp-Release-build/CMakeScripts/ReRunCMake.make
make[2]: `/Users/username/.hunter/_Base/67ab3a0/e6fe91d/3db3de9/Build/yaml-cpp/Build/yaml-cpp-Release-prefix/src/yaml-cpp-Release-build/CMakeFiles/cmake.check_cache' is up to date.

=== BUILD TARGET yaml-cpp OF PROJECT yaml-cpp WITH CONFIGURATION Release ===

Check dependencies

Write auxiliary files
/bin/mkdir -p /Users/username/.hunter/_Base/67ab3a0/e6fe91d/3db3de9/Build/yaml-cpp/Build/yaml-cpp-Release-prefix/src/yaml-cpp-Release-build/yaml-cpp.build/Release/yaml-cpp.build/Objects-normal/x86_64
write-file /Users/username/.hunter/_Base/67ab3a0/e6fe91d/3db3de9/Build/yaml-cpp/Build/yaml-cpp-Release-prefix/src/yaml-cpp-Release-build/yaml-cpp.build/Release/yaml-cpp.build/Objects-normal/x86_64/yaml-cpp.LinkFileList

CompileC /Users/username/.hunter/_Base/67ab3a0/e6fe91d/3db3de9/Build/yaml-cpp/Build/yaml-cpp-Release-prefix/src/yaml-cpp-Release-build/yaml-cpp.build/Release/yaml-cpp.build/Objects-normal/x86_64/binary.o src/binary.cpp normal x86_64 c++ com.apple.compilers.llvm.clang.1_0.compiler
    cd /Users/username/.hunter/_Base/67ab3a0/e6fe91d/3db3de9/Build/yaml-cpp/Source
    export LANG=en_US.US-ASCII
    /Applications/Xcode.app/Contents/Developer/Toolchains/XcodeDefault.xctoolchain/usr/bin/clang -x c++ -arch x86_64 -fmessage-length=0 -fdiagnostics-show-note-include-stack -fmacro-backtrace-limit=0 -Wno-trigraphs -fpascal-strings -O2 -Wno-missing-field-initializers -Wno-missing-prototypes -Wno-return-type -Wno-non-virtual-dtor -Wno-overloaded-virtual -Wno-exit-time-destructors -Wno-missing-braces -Wparentheses -Wswitch -Wno-unused-function -Wno-unused-label -Wno-unused-parameter -Wno-unused-variable -Wunused-value -Wno-empty-body -Wno-uninitialized -Wno-unknown-pragmas -Wno-shadow -Wno-four-char-constants -Wno-conversion -Wno-constant-conversion -Wno-int-conversion -Wno-bool-conversion -Wno-enum-conversion -Wno-float-conversion -Wno-non-literal-null-conversion -Wno-objc-literal-conversion -Wno-shorten-64-to-32 -Wno-newline-eof -Wno-c++11-extensions -DCMAKE_INTDIR=\"Release\" -isysroot /Applications/Xcode.app/Contents/Developer/Platforms/MacOSX.platform/Developer/SDKs/MacOSX10.13.sdk -fasm-blocks -fstrict-aliasing -Wdeprecated-declarations -Winvalid-offsetof -mmacosx-version-min=10.13 -Wno-sign-conversion -Wno-infinite-recursion -Wno-move -Wno-comma -Wno-block-capture-autoreleasing -Wno-strict-prototypes -Wno-range-loop-analysis -I/Users/username/.hunter/_Base/67ab3a0/e6fe91d/3db3de9/Build/yaml-cpp/Build/yaml-cpp-Release-prefix/src/yaml-cpp-Release-build/Release/include -I/Users/username/.hunter/_Base/67ab3a0/e6fe91d/3db3de9/Build/yaml-cpp/Source/src -I/Users/username/.hunter/_Base/67ab3a0/e6fe91d/3db3de9/Build/yaml-cpp/Source/include -I/Users/username/.hunter/_Base/67ab3a0/e6fe91d/3db3de9/Build/yaml-cpp/Build/yaml-cpp-Release-prefix/src/yaml-cpp-Release-build/yaml-cpp.build/Release/yaml-cpp.build/DerivedSources/x86_64 -I/Users/username/.hunter/_Base/67ab3a0/e6fe91d/3db3de9/Build/yaml-cpp/Build/yaml-cpp-Release-prefix/src/yaml-cpp-Release-build/yaml-cpp.build/Release/yaml-cpp.build/DerivedSources -Wmost -Wno-four-char-constants -Wno-unknown-pragmas -F/Users/username/.hunter/_Base/67ab3a0/e6fe91d/3db3de9/Build/yaml-cpp/Build/yaml-cpp-Release-prefix/src/yaml-cpp-Release-build/Release -Wall -Wextra -pedantic -Wno-long-long -MMD -MT dependencies -MF /Users/username/.hunter/_Base/67ab3a0/e6fe91d/3db3de9/Build/yaml-cpp/Build/yaml-cpp-Release-prefix/src/yaml-cpp-Release-build/yaml-cpp.build/Release/yaml-cpp.build/Objects-normal/x86_64/binary.d --serialize-diagnostics /Users/username/.hunter/_Base/67ab3a0/e6fe91d/3db3de9/Build/yaml-cpp/Build/yaml-cpp-Release-prefix/src/yaml-cpp-Release-build/yaml-cpp.build/Release/yaml-cpp.build/Objects-normal/x86_64/binary.dia -c /Users/username/.hunter/_Base/67ab3a0/e6fe91d/3db3de9/Build/yaml-cpp/Source/src/binary.cpp -o /Users/username/.hunter/_Base/67ab3a0/e6fe91d/3db3de9/Build/yaml-cpp/Build/yaml-cpp-Release-prefix/src/yaml-cpp-Release-build/yaml-cpp.build/Release/yaml-cpp.build/Objects-normal/x86_64/binary.o

CompileC /Users/username/.hunter/_Base/67ab3a0/e6fe91d/3db3de9/Build/yaml-cpp/Build/yaml-cpp-Release-prefix/src/yaml-cpp-Release-build/yaml-cpp.build/Release/yaml-cpp.build/Objects-normal/x86_64/graphbuilder.o src/contrib/graphbuilder.cpp normal x86_64 c++ com.apple.compilers.llvm.clang.1_0.compiler
    cd /Users/username/.hunter/_Base/67ab3a0/e6fe91d/3db3de9/Build/yaml-cpp/Source
    export LANG=en_US.US-ASCII
    /Applications/Xcode.app/Contents/Developer/Toolchains/XcodeDefault.xctoolchain/usr/bin/clang -x c++ -arch x86_64 -fmessage-length=0 -fdiagnostics-show-note-include-stack -fmacro-backtrace-limit=0 -Wno-trigraphs -fpascal-strings -O2 -Wno-missing-field-initializers -Wno-missing-prototypes -Wno-return-type -Wno-non-virtual-dtor -Wno-overloaded-virtual -Wno-exit-time-destructors -Wno-missing-braces -Wparentheses -Wswitch -Wno-unused-function -Wno-unused-label -Wno-unused-parameter -Wno-unused-variable -Wunused-value -Wno-empty-body -Wno-uninitialized -Wno-unknown-pragmas -Wno-shadow -Wno-four-char-constants -Wno-conversion -Wno-constant-conversion -Wno-int-conversion -Wno-bool-conversion -Wno-enum-conversion -Wno-float-conversion -Wno-non-literal-null-conversion -Wno-objc-literal-conversion -Wno-shorten-64-to-32 -Wno-newline-eof -Wno-c++11-extensions -DCMAKE_INTDIR=\"Release\" -isysroot /Applications/Xcode.app/Contents/Developer/Platforms/MacOSX.platform/Developer/SDKs/MacOSX10.13.sdk -fasm-blocks -fstrict-aliasing -Wdeprecated-declarations -Winvalid-offsetof -mmacosx-version-min=10.13 -Wno-sign-conversion -Wno-infinite-recursion -Wno-move -Wno-comma -Wno-block-capture-autoreleasing -Wno-strict-prototypes -Wno-range-loop-analysis -I/Users/username/.hunter/_Base/67ab3a0/e6fe91d/3db3de9/Build/yaml-cpp/Build/yaml-cpp-Release-prefix/src/yaml-cpp-Release-build/Release/include -I/Users/username/.hunter/_Base/67ab3a0/e6fe91d/3db3de9/Build/yaml-cpp/Source/src -I/Users/username/.hunter/_Base/67ab3a0/e6fe91d/3db3de9/Build/yaml-cpp/Source/include -I/Users/username/.hunter/_Base/67ab3a0/e6fe91d/3db3de9/Build/yaml-cpp/Build/yaml-cpp-Release-prefix/src/yaml-cpp-Release-build/yaml-cpp.build/Release/yaml-cpp.build/DerivedSources/x86_64 -I/Users/username/.hunter/_Base/67ab3a0/e6fe91d/3db3de9/Build/yaml-cpp/Build/yaml-cpp-Release-prefix/src/yaml-cpp-Release-build/yaml-cpp.build/Release/yaml-cpp.build/DerivedSources -Wmost -Wno-four-char-constants -Wno-unknown-pragmas -F/Users/username/.hunter/_Base/67ab3a0/e6fe91d/3db3de9/Build/yaml-cpp/Build/yaml-cpp-Release-prefix/src/yaml-cpp-Release-build/Release -Wall -Wextra -pedantic -Wno-long-long -MMD -MT dependencies -MF /Users/username/.hunter/_Base/67ab3a0/e6fe91d/3db3de9/Build/yaml-cpp/Build/yaml-cpp-Release-prefix/src/yaml-cpp-Release-build/yaml-cpp.build/Release/yaml-cpp.build/Objects-normal/x86_64/graphbuilder.d --serialize-diagnostics /Users/username/.hunter/_Base/67ab3a0/e6fe91d/3db3de9/Build/yaml-cpp/Build/yaml-cpp-Release-prefix/src/yaml-cpp-Release-build/yaml-cpp.build/Release/yaml-cpp.build/Objects-normal/x86_64/graphbuilder.dia -c /Users/username/.hunter/_Base/67ab3a0/e6fe91d/3db3de9/Build/yaml-cpp/Source/src/contrib/graphbuilder.cpp -o /Users/username/.hunter/_Base/67ab3a0/e6fe91d/3db3de9/Build/yaml-cpp/Build/yaml-cpp-Release-prefix/src/yaml-cpp-Release-build/yaml-cpp.build/Release/yaml-cpp.build/Objects-normal/x86_64/graphbuilder.o

CompileC /Users/username/.hunter/_Base/67ab3a0/e6fe91d/3db3de9/Build/yaml-cpp/Build/yaml-cpp-Release-prefix/src/yaml-cpp-Release-build/yaml-cpp.build/Release/yaml-cpp.build/Objects-normal/x86_64/graphbuilderadapter.o src/contrib/graphbuilderadapter.cpp normal x86_64 c++ com.apple.compilers.llvm.clang.1_0.compiler
    cd /Users/username/.hunter/_Base/67ab3a0/e6fe91d/3db3de9/Build/yaml-cpp/Source
    export LANG=en_US.US-ASCII
    /Applications/Xcode.app/Contents/Developer/Toolchains/XcodeDefault.xctoolchain/usr/bin/clang -x c++ -arch x86_64 -fmessage-length=0 -fdiagnostics-show-note-include-stack -fmacro-backtrace-limit=0 -Wno-trigraphs -fpascal-strings -O2 -Wno-missing-field-initializers -Wno-missing-prototypes -Wno-return-type -Wno-non-virtual-dtor -Wno-overloaded-virtual -Wno-exit-time-destructors -Wno-missing-braces -Wparentheses -Wswitch -Wno-unused-function -Wno-unused-label -Wno-unused-parameter -Wno-unused-variable -Wunused-value -Wno-empty-body -Wno-uninitialized -Wno-unknown-pragmas -Wno-shadow -Wno-four-char-constants -Wno-conversion -Wno-constant-conversion -Wno-int-conversion -Wno-bool-conversion -Wno-enum-conversion -Wno-float-conversion -Wno-non-literal-null-conversion -Wno-objc-literal-conversion -Wno-shorten-64-to-32 -Wno-newline-eof -Wno-c++11-extensions -DCMAKE_INTDIR=\"Release\" -isysroot /Applications/Xcode.app/Contents/Developer/Platforms/MacOSX.platform/Developer/SDKs/MacOSX10.13.sdk -fasm-blocks -fstrict-aliasing -Wdeprecated-declarations -Winvalid-offsetof -mmacosx-version-min=10.13 -Wno-sign-conversion -Wno-infinite-recursion -Wno-move -Wno-comma -Wno-block-capture-autoreleasing -Wno-strict-prototypes -Wno-range-loop-analysis -I/Users/username/.hunter/_Base/67ab3a0/e6fe91d/3db3de9/Build/yaml-cpp/Build/yaml-cpp-Release-prefix/src/yaml-cpp-Release-build/Release/include -I/Users/username/.hunter/_Base/67ab3a0/e6fe91d/3db3de9/Build/yaml-cpp/Source/src -I/Users/username/.hunter/_Base/67ab3a0/e6fe91d/3db3de9/Build/yaml-cpp/Source/include -I/Users/username/.hunter/_Base/67ab3a0/e6fe91d/3db3de9/Build/yaml-cpp/Build/yaml-cpp-Release-prefix/src/yaml-cpp-Release-build/yaml-cpp.build/Release/yaml-cpp.build/DerivedSources/x86_64 -I/Users/username/.hunter/_Base/67ab3a0/e6fe91d/3db3de9/Build/yaml-cpp/Build/yaml-cpp-Release-prefix/src/yaml-cpp-Release-build/yaml-cpp.build/Release/yaml-cpp.build/DerivedSources -Wmost -Wno-four-char-constants -Wno-unknown-pragmas -F/Users/username/.hunter/_Base/67ab3a0/e6fe91d/3db3de9/Build/yaml-cpp/Build/yaml-cpp-Release-prefix/src/yaml-cpp-Release-build/Release -Wall -Wextra -pedantic -Wno-long-long -MMD -MT dependencies -MF /Users/username/.hunter/_Base/67ab3a0/e6fe91d/3db3de9/Build/yaml-cpp/Build/yaml-cpp-Release-prefix/src/yaml-cpp-Release-build/yaml-cpp.build/Release/yaml-cpp.build/Objects-normal/x86_64/graphbuilderadapter.d --serialize-diagnostics /Users/username/.hunter/_Base/67ab3a0/e6fe91d/3db3de9/Build/yaml-cpp/Build/yaml-cpp-Release-prefix/src/yaml-cpp-Release-build/yaml-cpp.build/Release/yaml-cpp.build/Objects-normal/x86_64/graphbuilderadapter.dia -c /Users/username/.hunter/_Base/67ab3a0/e6fe91d/3db3de9/Build/yaml-cpp/Source/src/contrib/graphbuilderadapter.cpp -o /Users/username/.hunter/_Base/67ab3a0/e6fe91d/3db3de9/Build/yaml-cpp/Build/yaml-cpp-Release-prefix/src/yaml-cpp-Release-build/yaml-cpp.build/Release/yaml-cpp.build/Objects-normal/x86_64/graphbuilderadapter.o

CompileC /Users/username/.hunter/_Base/67ab3a0/e6fe91d/3db3de9/Build/yaml-cpp/Build/yaml-cpp-Release-prefix/src/yaml-cpp-Release-build/yaml-cpp.build/Release/yaml-cpp.build/Objects-normal/x86_64/directives.o src/directives.cpp normal x86_64 c++ com.apple.compilers.llvm.clang.1_0.compiler
    cd /Users/username/.hunter/_Base/67ab3a0/e6fe91d/3db3de9/Build/yaml-cpp/Source
    export LANG=en_US.US-ASCII
    /Applications/Xcode.app/Contents/Developer/Toolchains/XcodeDefault.xctoolchain/usr/bin/clang -x c++ -arch x86_64 -fmessage-length=0 -fdiagnostics-show-note-include-stack -fmacro-backtrace-limit=0 -Wno-trigraphs -fpascal-strings -O2 -Wno-missing-field-initializers -Wno-missing-prototypes -Wno-return-type -Wno-non-virtual-dtor -Wno-overloaded-virtual -Wno-exit-time-destructors -Wno-missing-braces -Wparentheses -Wswitch -Wno-unused-function -Wno-unused-label -Wno-unused-parameter -Wno-unused-variable -Wunused-value -Wno-empty-body -Wno-uninitialized -Wno-unknown-pragmas -Wno-shadow -Wno-four-char-constants -Wno-conversion -Wno-constant-conversion -Wno-int-conversion -Wno-bool-conversion -Wno-enum-conversion -Wno-float-conversion -Wno-non-literal-null-conversion -Wno-objc-literal-conversion -Wno-shorten-64-to-32 -Wno-newline-eof -Wno-c++11-extensions -DCMAKE_INTDIR=\"Release\" -isysroot /Applications/Xcode.app/Contents/Developer/Platforms/MacOSX.platform/Developer/SDKs/MacOSX10.13.sdk -fasm-blocks -fstrict-aliasing -Wdeprecated-declarations -Winvalid-offsetof -mmacosx-version-min=10.13 -Wno-sign-conversion -Wno-infinite-recursion -Wno-move -Wno-comma -Wno-block-capture-autoreleasing -Wno-strict-prototypes -Wno-range-loop-analysis -I/Users/username/.hunter/_Base/67ab3a0/e6fe91d/3db3de9/Build/yaml-cpp/Build/yaml-cpp-Release-prefix/src/yaml-cpp-Release-build/Release/include -I/Users/username/.hunter/_Base/67ab3a0/e6fe91d/3db3de9/Build/yaml-cpp/Source/src -I/Users/username/.hunter/_Base/67ab3a0/e6fe91d/3db3de9/Build/yaml-cpp/Source/include -I/Users/username/.hunter/_Base/67ab3a0/e6fe91d/3db3de9/Build/yaml-cpp/Build/yaml-cpp-Release-prefix/src/yaml-cpp-Release-build/yaml-cpp.build/Release/yaml-cpp.build/DerivedSources/x86_64 -I/Users/username/.hunter/_Base/67ab3a0/e6fe91d/3db3de9/Build/yaml-cpp/Build/yaml-cpp-Release-prefix/src/yaml-cpp-Release-build/yaml-cpp.build/Release/yaml-cpp.build/DerivedSources -Wmost -Wno-four-char-constants -Wno-unknown-pragmas -F/Users/username/.hunter/_Base/67ab3a0/e6fe91d/3db3de9/Build/yaml-cpp/Build/yaml-cpp-Release-prefix/src/yaml-cpp-Release-build/Release -Wall -Wextra -pedantic -Wno-long-long -MMD -MT dependencies -MF /Users/username/.hunter/_Base/67ab3a0/e6fe91d/3db3de9/Build/yaml-cpp/Build/yaml-cpp-Release-prefix/src/yaml-cpp-Release-build/yaml-cpp.build/Release/yaml-cpp.build/Objects-normal/x86_64/directives.d --serialize-diagnostics /Users/username/.hunter/_Base/67ab3a0/e6fe91d/3db3de9/Build/yaml-cpp/Build/yaml-cpp-Release-prefix/src/yaml-cpp-Release-build/yaml-cpp.build/Release/yaml-cpp.build/Objects-normal/x86_64/directives.dia -c /Users/username/.hunter/_Base/67ab3a0/e6fe91d/3db3de9/Build/yaml-cpp/Source/src/directives.cpp -o /Users/username/.hunter/_Base/67ab3a0/e6fe91d/3db3de9/Build/yaml-cpp/Build/yaml-cpp-Release-prefix/src/yaml-cpp-Release-build/yaml-cpp.build/Release/yaml-cpp.build/Objects-normal/x86_64/directives.o

CompileC /Users/username/.hunter/_Base/67ab3a0/e6fe91d/3db3de9/Build/yaml-cpp/Build/yaml-cpp-Release-prefix/src/yaml-cpp-Release-build/yaml-cpp.build/Release/yaml-cpp.build/Objects-normal/x86_64/emit.o src/emit.cpp normal x86_64 c++ com.apple.compilers.llvm.clang.1_0.compiler
    cd /Users/username/.hunter/_Base/67ab3a0/e6fe91d/3db3de9/Build/yaml-cpp/Source
    export LANG=en_US.US-ASCII
    /Applications/Xcode.app/Contents/Developer/Toolchains/XcodeDefault.xctoolchain/usr/bin/clang -x c++ -arch x86_64 -fmessage-length=0 -fdiagnostics-show-note-include-stack -fmacro-backtrace-limit=0 -Wno-trigraphs -fpascal-strings -O2 -Wno-missing-field-initializers -Wno-missing-prototypes -Wno-return-type -Wno-non-virtual-dtor -Wno-overloaded-virtual -Wno-exit-time-destructors -Wno-missing-braces -Wparentheses -Wswitch -Wno-unused-function -Wno-unused-label -Wno-unused-parameter -Wno-unused-variable -Wunused-value -Wno-empty-body -Wno-uninitialized -Wno-unknown-pragmas -Wno-shadow -Wno-four-char-constants -Wno-conversion -Wno-constant-conversion -Wno-int-conversion -Wno-bool-conversion -Wno-enum-conversion -Wno-float-conversion -Wno-non-literal-null-conversion -Wno-objc-literal-conversion -Wno-shorten-64-to-32 -Wno-newline-eof -Wno-c++11-extensions -DCMAKE_INTDIR=\"Release\" -isysroot /Applications/Xcode.app/Contents/Developer/Platforms/MacOSX.platform/Developer/SDKs/MacOSX10.13.sdk -fasm-blocks -fstrict-aliasing -Wdeprecated-declarations -Winvalid-offsetof -mmacosx-version-min=10.13 -Wno-sign-conversion -Wno-infinite-recursion -Wno-move -Wno-comma -Wno-block-capture-autoreleasing -Wno-strict-prototypes -Wno-range-loop-analysis -I/Users/username/.hunter/_Base/67ab3a0/e6fe91d/3db3de9/Build/yaml-cpp/Build/yaml-cpp-Release-prefix/src/yaml-cpp-Release-build/Release/include -I/Users/username/.hunter/_Base/67ab3a0/e6fe91d/3db3de9/Build/yaml-cpp/Source/src -I/Users/username/.hunter/_Base/67ab3a0/e6fe91d/3db3de9/Build/yaml-cpp/Source/include -I/Users/username/.hunter/_Base/67ab3a0/e6fe91d/3db3de9/Build/yaml-cpp/Build/yaml-cpp-Release-prefix/src/yaml-cpp-Release-build/yaml-cpp.build/Release/yaml-cpp.build/DerivedSources/x86_64 -I/Users/username/.hunter/_Base/67ab3a0/e6fe91d/3db3de9/Build/yaml-cpp/Build/yaml-cpp-Release-prefix/src/yaml-cpp-Release-build/yaml-cpp.build/Release/yaml-cpp.build/DerivedSources -Wmost -Wno-four-char-constants -Wno-unknown-pragmas -F/Users/username/.hunter/_Base/67ab3a0/e6fe91d/3db3de9/Build/yaml-cpp/Build/yaml-cpp-Release-prefix/src/yaml-cpp-Release-build/Release -Wall -Wextra -pedantic -Wno-long-long -MMD -MT dependencies -MF /Users/username/.hunter/_Base/67ab3a0/e6fe91d/3db3de9/Build/yaml-cpp/Build/yaml-cpp-Release-prefix/src/yaml-cpp-Release-build/yaml-cpp.build/Release/yaml-cpp.build/Objects-normal/x86_64/emit.d --serialize-diagnostics /Users/username/.hunter/_Base/67ab3a0/e6fe91d/3db3de9/Build/yaml-cpp/Build/yaml-cpp-Release-prefix/src/yaml-cpp-Release-build/yaml-cpp.build/Release/yaml-cpp.build/Objects-normal/x86_64/emit.dia -c /Users/username/.hunter/_Base/67ab3a0/e6fe91d/3db3de9/Build/yaml-cpp/Source/src/emit.cpp -o /Users/username/.hunter/_Base/67ab3a0/e6fe91d/3db3de9/Build/yaml-cpp/Build/yaml-cpp-Release-prefix/src/yaml-cpp-Release-build/yaml-cpp.build/Release/yaml-cpp.build/Objects-normal/x86_64/emit.o

CompileC /Users/username/.hunter/_Base/67ab3a0/e6fe91d/3db3de9/Build/yaml-cpp/Build/yaml-cpp-Release-prefix/src/yaml-cpp-Release-build/yaml-cpp.build/Release/yaml-cpp.build/Objects-normal/x86_64/emitter.o src/emitter.cpp normal x86_64 c++ com.apple.compilers.llvm.clang.1_0.compiler
    cd /Users/username/.hunter/_Base/67ab3a0/e6fe91d/3db3de9/Build/yaml-cpp/Source
    export LANG=en_US.US-ASCII
    /Applications/Xcode.app/Contents/Developer/Toolchains/XcodeDefault.xctoolchain/usr/bin/clang -x c++ -arch x86_64 -fmessage-length=0 -fdiagnostics-show-note-include-stack -fmacro-backtrace-limit=0 -Wno-trigraphs -fpascal-strings -O2 -Wno-missing-field-initializers -Wno-missing-prototypes -Wno-return-type -Wno-non-virtual-dtor -Wno-overloaded-virtual -Wno-exit-time-destructors -Wno-missing-braces -Wparentheses -Wswitch -Wno-unused-function -Wno-unused-label -Wno-unused-parameter -Wno-unused-variable -Wunused-value -Wno-empty-body -Wno-uninitialized -Wno-unknown-pragmas -Wno-shadow -Wno-four-char-constants -Wno-conversion -Wno-constant-conversion -Wno-int-conversion -Wno-bool-conversion -Wno-enum-conversion -Wno-float-conversion -Wno-non-literal-null-conversion -Wno-objc-literal-conversion -Wno-shorten-64-to-32 -Wno-newline-eof -Wno-c++11-extensions -DCMAKE_INTDIR=\"Release\" -isysroot /Applications/Xcode.app/Contents/Developer/Platforms/MacOSX.platform/Developer/SDKs/MacOSX10.13.sdk -fasm-blocks -fstrict-aliasing -Wdeprecated-declarations -Winvalid-offsetof -mmacosx-version-min=10.13 -Wno-sign-conversion -Wno-infinite-recursion -Wno-move -Wno-comma -Wno-block-capture-autoreleasing -Wno-strict-prototypes -Wno-range-loop-analysis -I/Users/username/.hunter/_Base/67ab3a0/e6fe91d/3db3de9/Build/yaml-cpp/Build/yaml-cpp-Release-prefix/src/yaml-cpp-Release-build/Release/include -I/Users/username/.hunter/_Base/67ab3a0/e6fe91d/3db3de9/Build/yaml-cpp/Source/src -I/Users/username/.hunter/_Base/67ab3a0/e6fe91d/3db3de9/Build/yaml-cpp/Source/include -I/Users/username/.hunter/_Base/67ab3a0/e6fe91d/3db3de9/Build/yaml-cpp/Build/yaml-cpp-Release-prefix/src/yaml-cpp-Release-build/yaml-cpp.build/Release/yaml-cpp.build/DerivedSources/x86_64 -I/Users/username/.hunter/_Base/67ab3a0/e6fe91d/3db3de9/Build/yaml-cpp/Build/yaml-cpp-Release-prefix/src/yaml-cpp-Release-build/yaml-cpp.build/Release/yaml-cpp.build/DerivedSources -Wmost -Wno-four-char-constants -Wno-unknown-pragmas -F/Users/username/.hunter/_Base/67ab3a0/e6fe91d/3db3de9/Build/yaml-cpp/Build/yaml-cpp-Release-prefix/src/yaml-cpp-Release-build/Release -Wall -Wextra -pedantic -Wno-long-long -MMD -MT dependencies -MF /Users/username/.hunter/_Base/67ab3a0/e6fe91d/3db3de9/Build/yaml-cpp/Build/yaml-cpp-Release-prefix/src/yaml-cpp-Release-build/yaml-cpp.build/Release/yaml-cpp.build/Objects-normal/x86_64/emitter.d --serialize-diagnostics /Users/username/.hunter/_Base/67ab3a0/e6fe91d/3db3de9/Build/yaml-cpp/Build/yaml-cpp-Release-prefix/src/yaml-cpp-Release-build/yaml-cpp.build/Release/yaml-cpp.build/Objects-normal/x86_64/emitter.dia -c /Users/username/.hunter/_Base/67ab3a0/e6fe91d/3db3de9/Build/yaml-cpp/Source/src/emitter.cpp -o /Users/username/.hunter/_Base/67ab3a0/e6fe91d/3db3de9/Build/yaml-cpp/Build/yaml-cpp-Release-prefix/src/yaml-cpp-Release-build/yaml-cpp.build/Release/yaml-cpp.build/Objects-normal/x86_64/emitter.o
In file included from /Users/username/.hunter/_Base/67ab3a0/e6fe91d/3db3de9/Build/yaml-cpp/Source/src/emitter.cpp:3:
In file included from /Users/username/.hunter/_Base/67ab3a0/e6fe91d/3db3de9/Build/yaml-cpp/Source/src/emitterutils.h:12:
In file included from /Users/username/.hunter/_Base/67ab3a0/e6fe91d/3db3de9/Build/yaml-cpp/Source/src/emitterstate.h:10:
/Users/username/.hunter/_Base/67ab3a0/e6fe91d/3db3de9/Build/yaml-cpp/Source/src/setting.h:55:10: error: calling a private constructor of class 'std::__1::unique_ptr<YAML::SettingChangeBase, std::__1::default_delete<YAML::SettingChangeBase> >'
  return pChange;
         ^
In file included from /Users/username/.hunter/_Base/67ab3a0/e6fe91d/3db3de9/Build/yaml-cpp/Source/src/emitter.cpp:1:
In file included from /Applications/Xcode.app/Contents/Developer/Toolchains/XcodeDefault.xctoolchain/usr/include/c++/v1/sstream:174:
In file included from /Applications/Xcode.app/Contents/Developer/Toolchains/XcodeDefault.xctoolchain/usr/include/c++/v1/ostream:138:
In file included from /Applications/Xcode.app/Contents/Developer/Toolchains/XcodeDefault.xctoolchain/usr/include/c++/v1/ios:216:
In file included from /Applications/Xcode.app/Contents/Developer/Toolchains/XcodeDefault.xctoolchain/usr/include/c++/v1/__locale:15:
In file included from /Applications/Xcode.app/Contents/Developer/Toolchains/XcodeDefault.xctoolchain/usr/include/c++/v1/string:470:
In file included from /Applications/Xcode.app/Contents/Developer/Toolchains/XcodeDefault.xctoolchain/usr/include/c++/v1/string_view:171:
In file included from /Applications/Xcode.app/Contents/Developer/Toolchains/XcodeDefault.xctoolchain/usr/include/c++/v1/__string:56:
In file included from /Applications/Xcode.app/Contents/Developer/Toolchains/XcodeDefault.xctoolchain/usr/include/c++/v1/algorithm:640:
/Applications/Xcode.app/Contents/Developer/Toolchains/XcodeDefault.xctoolchain/usr/include/c++/v1/memory:2435:5: note: declared private here
    unique_ptr(unique_ptr&);
    ^
In file included from /Users/username/.hunter/_Base/67ab3a0/e6fe91d/3db3de9/Build/yaml-cpp/Source/src/emitter.cpp:3:
In file included from /Users/username/.hunter/_Base/67ab3a0/e6fe91d/3db3de9/Build/yaml-cpp/Source/src/emitterutils.h:12:
In file included from /Users/username/.hunter/_Base/67ab3a0/e6fe91d/3db3de9/Build/yaml-cpp/Source/src/emitterstate.h:10:
/Users/username/.hunter/_Base/67ab3a0/e6fe91d/3db3de9/Build/yaml-cpp/Source/src/setting.h:90:56: error: a space is required between consecutive right angle brackets (use '> >')
  typedef std::vector<std::unique_ptr<SettingChangeBase>> setting_changes;
                                                       ^~
                                                       > >

CompileC /Users/username/.hunter/_Base/67ab3a0/e6fe91d/3db3de9/Build/yaml-cpp/Build/yaml-cpp-Release-prefix/src/yaml-cpp-Release-build/yaml-cpp.build/Release/yaml-cpp.build/Objects-normal/x86_64/emitfromevents.o src/emitfromevents.cpp normal x86_64 c++ com.apple.compilers.llvm.clang.1_0.compiler
    cd /Users/username/.hunter/_Base/67ab3a0/e6fe91d/3db3de9/Build/yaml-cpp/Source
    export LANG=en_US.US-ASCII
    /Applications/Xcode.app/Contents/Developer/Toolchains/XcodeDefault.xctoolchain/usr/bin/clang -x c++ -arch x86_64 -fmessage-length=0 -fdiagnostics-show-note-include-stack -fmacro-backtrace-limit=0 -Wno-trigraphs -fpascal-strings -O2 -Wno-missing-field-initializers -Wno-missing-prototypes -Wno-return-type -Wno-non-virtual-dtor -Wno-overloaded-virtual -Wno-exit-time-destructors -Wno-missing-braces -Wparentheses -Wswitch -Wno-unused-function -Wno-unused-label -Wno-unused-parameter -Wno-unused-variable -Wunused-value -Wno-empty-body -Wno-uninitialized -Wno-unknown-pragmas -Wno-shadow -Wno-four-char-constants -Wno-conversion -Wno-constant-conversion -Wno-int-conversion -Wno-bool-conversion -Wno-enum-conversion -Wno-float-conversion -Wno-non-literal-null-conversion -Wno-objc-literal-conversion -Wno-shorten-64-to-32 -Wno-newline-eof -Wno-c++11-extensions -DCMAKE_INTDIR=\"Release\" -isysroot /Applications/Xcode.app/Contents/Developer/Platforms/MacOSX.platform/Developer/SDKs/MacOSX10.13.sdk -fasm-blocks -fstrict-aliasing -Wdeprecated-declarations -Winvalid-offsetof -mmacosx-version-min=10.13 -Wno-sign-conversion -Wno-infinite-recursion -Wno-move -Wno-comma -Wno-block-capture-autoreleasing -Wno-strict-prototypes -Wno-range-loop-analysis -I/Users/username/.hunter/_Base/67ab3a0/e6fe91d/3db3de9/Build/yaml-cpp/Build/yaml-cpp-Release-prefix/src/yaml-cpp-Release-build/Release/include -I/Users/username/.hunter/_Base/67ab3a0/e6fe91d/3db3de9/Build/yaml-cpp/Source/src -I/Users/username/.hunter/_Base/67ab3a0/e6fe91d/3db3de9/Build/yaml-cpp/Source/include -I/Users/username/.hunter/_Base/67ab3a0/e6fe91d/3db3de9/Build/yaml-cpp/Build/yaml-cpp-Release-prefix/src/yaml-cpp-Release-build/yaml-cpp.build/Release/yaml-cpp.build/DerivedSources/x86_64 -I/Users/username/.hunter/_Base/67ab3a0/e6fe91d/3db3de9/Build/yaml-cpp/Build/yaml-cpp-Release-prefix/src/yaml-cpp-Release-build/yaml-cpp.build/Release/yaml-cpp.build/DerivedSources -Wmost -Wno-four-char-constants -Wno-unknown-pragmas -F/Users/username/.hunter/_Base/67ab3a0/e6fe91d/3db3de9/Build/yaml-cpp/Build/yaml-cpp-Release-prefix/src/yaml-cpp-Release-build/Release -Wall -Wextra -pedantic -Wno-long-long -MMD -MT dependencies -MF /Users/username/.hunter/_Base/67ab3a0/e6fe91d/3db3de9/Build/yaml-cpp/Build/yaml-cpp-Release-prefix/src/yaml-cpp-Release-build/yaml-cpp.build/Release/yaml-cpp.build/Objects-normal/x86_64/emitfromevents.d --serialize-diagnostics /Users/username/.hunter/_Base/67ab3a0/e6fe91d/3db3de9/Build/yaml-cpp/Build/yaml-cpp-Release-prefix/src/yaml-cpp-Release-build/yaml-cpp.build/Release/yaml-cpp.build/Objects-normal/x86_64/emitfromevents.dia -c /Users/username/.hunter/_Base/67ab3a0/e6fe91d/3db3de9/Build/yaml-cpp/Source/src/emitfromevents.cpp -o /Users/username/.hunter/_Base/67ab3a0/e6fe91d/3db3de9/Build/yaml-cpp/Build/yaml-cpp-Release-prefix/src/yaml-cpp-Release-build/yaml-cpp.build/Release/yaml-cpp.build/Objects-normal/x86_64/emitfromevents.o

CompileC /Users/username/.hunter/_Base/67ab3a0/e6fe91d/3db3de9/Build/yaml-cpp/Build/yaml-cpp-Release-prefix/src/yaml-cpp-Release-build/yaml-cpp.build/Release/yaml-cpp.build/Objects-normal/x86_64/emitterutils.o src/emitterutils.cpp normal x86_64 c++ com.apple.compilers.llvm.clang.1_0.compiler
    cd /Users/username/.hunter/_Base/67ab3a0/e6fe91d/3db3de9/Build/yaml-cpp/Source
    export LANG=en_US.US-ASCII
    /Applications/Xcode.app/Contents/Developer/Toolchains/XcodeDefault.xctoolchain/usr/bin/clang -x c++ -arch x86_64 -fmessage-length=0 -fdiagnostics-show-note-include-stack -fmacro-backtrace-limit=0 -Wno-trigraphs -fpascal-strings -O2 -Wno-missing-field-initializers -Wno-missing-prototypes -Wno-return-type -Wno-non-virtual-dtor -Wno-overloaded-virtual -Wno-exit-time-destructors -Wno-missing-braces -Wparentheses -Wswitch -Wno-unused-function -Wno-unused-label -Wno-unused-parameter -Wno-unused-variable -Wunused-value -Wno-empty-body -Wno-uninitialized -Wno-unknown-pragmas -Wno-shadow -Wno-four-char-constants -Wno-conversion -Wno-constant-conversion -Wno-int-conversion -Wno-bool-conversion -Wno-enum-conversion -Wno-float-conversion -Wno-non-literal-null-conversion -Wno-objc-literal-conversion -Wno-shorten-64-to-32 -Wno-newline-eof -Wno-c++11-extensions -DCMAKE_INTDIR=\"Release\" -isysroot /Applications/Xcode.app/Contents/Developer/Platforms/MacOSX.platform/Developer/SDKs/MacOSX10.13.sdk -fasm-blocks -fstrict-aliasing -Wdeprecated-declarations -Winvalid-offsetof -mmacosx-version-min=10.13 -Wno-sign-conversion -Wno-infinite-recursion -Wno-move -Wno-comma -Wno-block-capture-autoreleasing -Wno-strict-prototypes -Wno-range-loop-analysis -I/Users/username/.hunter/_Base/67ab3a0/e6fe91d/3db3de9/Build/yaml-cpp/Build/yaml-cpp-Release-prefix/src/yaml-cpp-Release-build/Release/include -I/Users/username/.hunter/_Base/67ab3a0/e6fe91d/3db3de9/Build/yaml-cpp/Source/src -I/Users/username/.hunter/_Base/67ab3a0/e6fe91d/3db3de9/Build/yaml-cpp/Source/include -I/Users/username/.hunter/_Base/67ab3a0/e6fe91d/3db3de9/Build/yaml-cpp/Build/yaml-cpp-Release-prefix/src/yaml-cpp-Release-build/yaml-cpp.build/Release/yaml-cpp.build/DerivedSources/x86_64 -I/Users/username/.hunter/_Base/67ab3a0/e6fe91d/3db3de9/Build/yaml-cpp/Build/yaml-cpp-Release-prefix/src/yaml-cpp-Release-build/yaml-cpp.build/Release/yaml-cpp.build/DerivedSources -Wmost -Wno-four-char-constants -Wno-unknown-pragmas -F/Users/username/.hunter/_Base/67ab3a0/e6fe91d/3db3de9/Build/yaml-cpp/Build/yaml-cpp-Release-prefix/src/yaml-cpp-Release-build/Release -Wall -Wextra -pedantic -Wno-long-long -MMD -MT dependencies -MF /Users/username/.hunter/_Base/67ab3a0/e6fe91d/3db3de9/Build/yaml-cpp/Build/yaml-cpp-Release-prefix/src/yaml-cpp-Release-build/yaml-cpp.build/Release/yaml-cpp.build/Objects-normal/x86_64/emitterutils.d --serialize-diagnostics /Users/username/.hunter/_Base/67ab3a0/e6fe91d/3db3de9/Build/yaml-cpp/Build/yaml-cpp-Release-prefix/src/yaml-cpp-Release-build/yaml-cpp.build/Release/yaml-cpp.build/Objects-normal/x86_64/emitterutils.dia -c /Users/username/.hunter/_Base/67ab3a0/e6fe91d/3db3de9/Build/yaml-cpp/Source/src/emitterutils.cpp -o /Users/username/.hunter/_Base/67ab3a0/e6fe91d/3db3de9/Build/yaml-cpp/Build/yaml-cpp-Release-prefix/src/yaml-cpp-Release-build/yaml-cpp.build/Release/yaml-cpp.build/Objects-normal/x86_64/emitterutils.o

CompileC /Users/username/.hunter/_Base/67ab3a0/e6fe91d/3db3de9/Build/yaml-cpp/Build/yaml-cpp-Release-prefix/src/yaml-cpp-Release-build/yaml-cpp.build/Release/yaml-cpp.build/Objects-normal/x86_64/exceptions.o src/exceptions.cpp normal x86_64 c++ com.apple.compilers.llvm.clang.1_0.compiler
    cd /Users/username/.hunter/_Base/67ab3a0/e6fe91d/3db3de9/Build/yaml-cpp/Source
    export LANG=en_US.US-ASCII
    /Applications/Xcode.app/Contents/Developer/Toolchains/XcodeDefault.xctoolchain/usr/bin/clang -x c++ -arch x86_64 -fmessage-length=0 -fdiagnostics-show-note-include-stack -fmacro-backtrace-limit=0 -Wno-trigraphs -fpascal-strings -O2 -Wno-missing-field-initializers -Wno-missing-prototypes -Wno-return-type -Wno-non-virtual-dtor -Wno-overloaded-virtual -Wno-exit-time-destructors -Wno-missing-braces -Wparentheses -Wswitch -Wno-unused-function -Wno-unused-label -Wno-unused-parameter -Wno-unused-variable -Wunused-value -Wno-empty-body -Wno-uninitialized -Wno-unknown-pragmas -Wno-shadow -Wno-four-char-constants -Wno-conversion -Wno-constant-conversion -Wno-int-conversion -Wno-bool-conversion -Wno-enum-conversion -Wno-float-conversion -Wno-non-literal-null-conversion -Wno-objc-literal-conversion -Wno-shorten-64-to-32 -Wno-newline-eof -Wno-c++11-extensions -DCMAKE_INTDIR=\"Release\" -isysroot /Applications/Xcode.app/Contents/Developer/Platforms/MacOSX.platform/Developer/SDKs/MacOSX10.13.sdk -fasm-blocks -fstrict-aliasing -Wdeprecated-declarations -Winvalid-offsetof -mmacosx-version-min=10.13 -Wno-sign-conversion -Wno-infinite-recursion -Wno-move -Wno-comma -Wno-block-capture-autoreleasing -Wno-strict-prototypes -Wno-range-loop-analysis -I/Users/username/.hunter/_Base/67ab3a0/e6fe91d/3db3de9/Build/yaml-cpp/Build/yaml-cpp-Release-prefix/src/yaml-cpp-Release-build/Release/include -I/Users/username/.hunter/_Base/67ab3a0/e6fe91d/3db3de9/Build/yaml-cpp/Source/src -I/Users/username/.hunter/_Base/67ab3a0/e6fe91d/3db3de9/Build/yaml-cpp/Source/include -I/Users/username/.hunter/_Base/67ab3a0/e6fe91d/3db3de9/Build/yaml-cpp/Build/yaml-cpp-Release-prefix/src/yaml-cpp-Release-build/yaml-cpp.build/Release/yaml-cpp.build/DerivedSources/x86_64 -I/Users/username/.hunter/_Base/67ab3a0/e6fe91d/3db3de9/Build/yaml-cpp/Build/yaml-cpp-Release-prefix/src/yaml-cpp-Release-build/yaml-cpp.build/Release/yaml-cpp.build/DerivedSources -Wmost -Wno-four-char-constants -Wno-unknown-pragmas -F/Users/username/.hunter/_Base/67ab3a0/e6fe91d/3db3de9/Build/yaml-cpp/Build/yaml-cpp-Release-prefix/src/yaml-cpp-Release-build/Release -Wall -Wextra -pedantic -Wno-long-long -MMD -MT dependencies -MF /Users/username/.hunter/_Base/67ab3a0/e6fe91d/3db3de9/Build/yaml-cpp/Build/yaml-cpp-Release-prefix/src/yaml-cpp-Release-build/yaml-cpp.build/Release/yaml-cpp.build/Objects-normal/x86_64/exceptions.d --serialize-diagnostics /Users/username/.hunter/_Base/67ab3a0/e6fe91d/3db3de9/Build/yaml-cpp/Build/yaml-cpp-Release-prefix/src/yaml-cpp-Release-build/yaml-cpp.build/Release/yaml-cpp.build/Objects-normal/x86_64/exceptions.dia -c /Users/username/.hunter/_Base/67ab3a0/e6fe91d/3db3de9/Build/yaml-cpp/Source/src/exceptions.cpp -o /Users/username/.hunter/_Base/67ab3a0/e6fe91d/3db3de9/Build/yaml-cpp/Build/yaml-cpp-Release-prefix/src/yaml-cpp-Release-build/yaml-cpp.build/Release/yaml-cpp.build/Objects-normal/x86_64/exceptions.o
In file included from /Users/username/.hunter/_Base/67ab3a0/e6fe91d/3db3de9/Build/yaml-cpp/Source/src/exceptions.cpp:1:
/Users/username/.hunter/_Base/67ab3a0/e6fe91d/3db3de9/Build/yaml-cpp/Source/include/yaml-cpp/exceptions.h:100:47: error: a space is required between consecutive right angle brackets (use '> >')
    const T&, typename disable_if<is_numeric<T>>::type* = 0) {
                                              ^~
                                              > >
/Users/username/.hunter/_Base/67ab3a0/e6fe91d/3db3de9/Build/yaml-cpp/Source/include/yaml-cpp/exceptions.h:112:50: error: a space is required between consecutive right angle brackets (use '> >')
    const T& key, typename enable_if<is_numeric<T>>::type* = 0) {
                                                 ^~
                                                 > >
/Users/username/.hunter/_Base/67ab3a0/e6fe91d/3db3de9/Build/yaml-cpp/Source/include/yaml-cpp/exceptions.h:123:11: error: exception specification of overriding function is more lax than base version
  virtual ~Exception() YAML_CPP_NOEXCEPT;
          ^
In file included from /Users/username/.hunter/_Base/67ab3a0/e6fe91d/3db3de9/Build/yaml-cpp/Source/src/exceptions.cpp:1:
In file included from /Users/username/.hunter/_Base/67ab3a0/e6fe91d/3db3de9/Build/yaml-cpp/Source/include/yaml-cpp/exceptions.h:12:
In file included from /Applications/Xcode.app/Contents/Developer/Toolchains/XcodeDefault.xctoolchain/usr/include/c++/v1/sstream:174:
In file included from /Applications/Xcode.app/Contents/Developer/Toolchains/XcodeDefault.xctoolchain/usr/include/c++/v1/ostream:138:
In file included from /Applications/Xcode.app/Contents/Developer/Toolchains/XcodeDefault.xctoolchain/usr/include/c++/v1/ios:216:
In file included from /Applications/Xcode.app/Contents/Developer/Toolchains/XcodeDefault.xctoolchain/usr/include/c++/v1/__locale:15:
In file included from /Applications/Xcode.app/Contents/Developer/Toolchains/XcodeDefault.xctoolchain/usr/include/c++/v1/string:470:
In file included from /Applications/Xcode.app/Contents/Developer/Toolchains/XcodeDefault.xctoolchain/usr/include/c++/v1/string_view:171:
In file included from /Applications/Xcode.app/Contents/Developer/Toolchains/XcodeDefault.xctoolchain/usr/include/c++/v1/__string:56:
In file included from /Applications/Xcode.app/Contents/Developer/Toolchains/XcodeDefault.xctoolchain/usr/include/c++/v1/algorithm:640:
In file included from /Applications/Xcode.app/Contents/Developer/Toolchains/XcodeDefault.xctoolchain/usr/include/c++/v1/memory:639:
/Applications/Xcode.app/Contents/Developer/Toolchains/XcodeDefault.xctoolchain/usr/include/c++/v1/stdexcept:106:13: note: overridden virtual function is here
    virtual ~runtime_error() _NOEXCEPT;
            ^
In file included from /Users/username/.hunter/_Base/67ab3a0/e6fe91d/3db3de9/Build/yaml-cpp/Source/src/exceptions.cpp:1:
/Users/username/.hunter/_Base/67ab3a0/e6fe91d/3db3de9/Build/yaml-cpp/Source/include/yaml-cpp/exceptions.h:123:23: error: expected ';' at end of declaration list
  virtual ~Exception() YAML_CPP_NOEXCEPT;
                      ^
                      ;
/Users/username/.hunter/_Base/67ab3a0/e6fe91d/3db3de9/Build/yaml-cpp/Source/include/yaml-cpp/exceptions.h:149:29: error: expected ';' at end of declaration list
  virtual ~ParserException() YAML_CPP_NOEXCEPT;
                            ^
                            ;
/Users/username/.hunter/_Base/67ab3a0/e6fe91d/3db3de9/Build/yaml-cpp/Source/include/yaml-cpp/exceptions.h:157:37: error: expected ';' at end of declaration list
  virtual ~RepresentationException() YAML_CPP_NOEXCEPT;
                                    ^
                                    ;
/Users/username/.hunter/_Base/67ab3a0/e6fe91d/3db3de9/Build/yaml-cpp/Source/include/yaml-cpp/exceptions.h:166:27: error: expected ';' at end of declaration list
  virtual ~InvalidScalar() YAML_CPP_NOEXCEPT;
                          ^
                          ;
/Users/username/.hunter/_Base/67ab3a0/e6fe91d/3db3de9/Build/yaml-cpp/Source/include/yaml-cpp/exceptions.h:176:25: error: expected ';' at end of declaration list
  virtual ~KeyNotFound() YAML_CPP_NOEXCEPT;
                        ^
                        ;
/Users/username/.hunter/_Base/67ab3a0/e6fe91d/3db3de9/Build/yaml-cpp/Source/include/yaml-cpp/exceptions.h:184:30: error: expected ';' at end of declaration list
  virtual ~TypedKeyNotFound() YAML_CPP_NOEXCEPT {}
                             ^
                             ;
/Users/username/.hunter/_Base/67ab3a0/e6fe91d/3db3de9/Build/yaml-cpp/Source/include/yaml-cpp/exceptions.h:183:35: error: member initializer 'key' does not name a non-static data member or base class
      : KeyNotFound(mark_, key_), key(key_) {}
                                  ^~~~~~~~~
/Users/username/.hunter/_Base/67ab3a0/e6fe91d/3db3de9/Build/yaml-cpp/Source/include/yaml-cpp/exceptions.h:200:25: error: expected ';' at end of declaration list
  virtual ~InvalidNode() YAML_CPP_NOEXCEPT;
                        ^
                        ;
/Users/username/.hunter/_Base/67ab3a0/e6fe91d/3db3de9/Build/yaml-cpp/Source/include/yaml-cpp/exceptions.h:208:27: error: expected ';' at end of declaration list
  virtual ~BadConversion() YAML_CPP_NOEXCEPT;
                          ^
                          ;
/Users/username/.hunter/_Base/67ab3a0/e6fe91d/3db3de9/Build/yaml-cpp/Source/include/yaml-cpp/exceptions.h:222:28: error: expected ';' at end of declaration list
  virtual ~BadDereference() YAML_CPP_NOEXCEPT;
                           ^
                           ;
/Users/username/.hunter/_Base/67ab3a0/e6fe91d/3db3de9/Build/yaml-cpp/Source/include/yaml-cpp/exceptions.h:230:26: error: expected ';' at end of declaration list
  virtual ~BadSubscript() YAML_CPP_NOEXCEPT;
                         ^
                         ;
/Users/username/.hunter/_Base/67ab3a0/e6fe91d/3db3de9/Build/yaml-cpp/Source/include/yaml-cpp/exceptions.h:238:25: error: expected ';' at end of declaration list
  virtual ~BadPushback() YAML_CPP_NOEXCEPT;
                        ^
                        ;
/Users/username/.hunter/_Base/67ab3a0/e6fe91d/3db3de9/Build/yaml-cpp/Source/include/yaml-cpp/exceptions.h:246:23: error: expected ';' at end of declaration list
  virtual ~BadInsert() YAML_CPP_NOEXCEPT;
                      ^
                      ;
/Users/username/.hunter/_Base/67ab3a0/e6fe91d/3db3de9/Build/yaml-cpp/Source/include/yaml-cpp/exceptions.h:254:30: error: expected ';' at end of declaration list
  virtual ~EmitterException() YAML_CPP_NOEXCEPT;
                             ^
                             ;
/Users/username/.hunter/_Base/67ab3a0/e6fe91d/3db3de9/Build/yaml-cpp/Source/include/yaml-cpp/exceptions.h:261:21: error: expected ';' at end of declaration list
  virtual ~BadFile() YAML_CPP_NOEXCEPT;
                    ^
                    ;
/Users/username/.hunter/_Base/67ab3a0/e6fe91d/3db3de9/Build/yaml-cpp/Source/src/exceptions.cpp:14:25: error: expected function body after function declarator
Exception::~Exception() YAML_CPP_NOEXCEPT {}
                        ^
/Users/username/.hunter/_Base/67ab3a0/e6fe91d/3db3de9/Build/yaml-cpp/Source/src/exceptions.cpp:8:31: note: expanded from macro 'YAML_CPP_NOEXCEPT'
    #define YAML_CPP_NOEXCEPT noexcept
                              ^

CompileC /Users/username/.hunter/_Base/67ab3a0/e6fe91d/3db3de9/Build/yaml-cpp/Build/yaml-cpp-Release-prefix/src/yaml-cpp-Release-build/yaml-cpp.build/Release/yaml-cpp.build/Objects-normal/x86_64/exp.o src/exp.cpp normal x86_64 c++ com.apple.compilers.llvm.clang.1_0.compiler
    cd /Users/username/.hunter/_Base/67ab3a0/e6fe91d/3db3de9/Build/yaml-cpp/Source
    export LANG=en_US.US-ASCII
    /Applications/Xcode.app/Contents/Developer/Toolchains/XcodeDefault.xctoolchain/usr/bin/clang -x c++ -arch x86_64 -fmessage-length=0 -fdiagnostics-show-note-include-stack -fmacro-backtrace-limit=0 -Wno-trigraphs -fpascal-strings -O2 -Wno-missing-field-initializers -Wno-missing-prototypes -Wno-return-type -Wno-non-virtual-dtor -Wno-overloaded-virtual -Wno-exit-time-destructors -Wno-missing-braces -Wparentheses -Wswitch -Wno-unused-function -Wno-unused-label -Wno-unused-parameter -Wno-unused-variable -Wunused-value -Wno-empty-body -Wno-uninitialized -Wno-unknown-pragmas -Wno-shadow -Wno-four-char-constants -Wno-conversion -Wno-constant-conversion -Wno-int-conversion -Wno-bool-conversion -Wno-enum-conversion -Wno-float-conversion -Wno-non-literal-null-conversion -Wno-objc-literal-conversion -Wno-shorten-64-to-32 -Wno-newline-eof -Wno-c++11-extensions -DCMAKE_INTDIR=\"Release\" -isysroot /Applications/Xcode.app/Contents/Developer/Platforms/MacOSX.platform/Developer/SDKs/MacOSX10.13.sdk -fasm-blocks -fstrict-aliasing -Wdeprecated-declarations -Winvalid-offsetof -mmacosx-version-min=10.13 -Wno-sign-conversion -Wno-infinite-recursion -Wno-move -Wno-comma -Wno-block-capture-autoreleasing -Wno-strict-prototypes -Wno-range-loop-analysis -I/Users/username/.hunter/_Base/67ab3a0/e6fe91d/3db3de9/Build/yaml-cpp/Build/yaml-cpp-Release-prefix/src/yaml-cpp-Release-build/Release/include -I/Users/username/.hunter/_Base/67ab3a0/e6fe91d/3db3de9/Build/yaml-cpp/Source/src -I/Users/username/.hunter/_Base/67ab3a0/e6fe91d/3db3de9/Build/yaml-cpp/Source/include -I/Users/username/.hunter/_Base/67ab3a0/e6fe91d/3db3de9/Build/yaml-cpp/Build/yaml-cpp-Release-prefix/src/yaml-cpp-Release-build/yaml-cpp.build/Release/yaml-cpp.build/DerivedSources/x86_64 -I/Users/username/.hunter/_Base/67ab3a0/e6fe91d/3db3de9/Build/yaml-cpp/Build/yaml-cpp-Release-prefix/src/yaml-cpp-Release-build/yaml-cpp.build/Release/yaml-cpp.build/DerivedSources -Wmost -Wno-four-char-constants -Wno-unknown-pragmas -F/Users/username/.hunter/_Base/67ab3a0/e6fe91d/3db3de9/Build/yaml-cpp/Build/yaml-cpp-Release-prefix/src/yaml-cpp-Release-build/Release -Wall -Wextra -pedantic -Wno-long-long -MMD -MT dependencies -MF /Users/username/.hunter/_Base/67ab3a0/e6fe91d/3db3de9/Build/yaml-cpp/Build/yaml-cpp-Release-prefix/src/yaml-cpp-Release-build/yaml-cpp.build/Release/yaml-cpp.build/Objects-normal/x86_64/exp.d --serialize-diagnostics /Users/username/.hunter/_Base/67ab3a0/e6fe91d/3db3de9/Build/yaml-cpp/Build/yaml-cpp-Release-prefix/src/yaml-cpp-Release-build/yaml-cpp.build/Release/yaml-cpp.build/Objects-normal/x86_64/exp.dia -c /Users/username/.hunter/_Base/67ab3a0/e6fe91d/3db3de9/Build/yaml-cpp/Source/src/exp.cpp -o /Users/username/.hunter/_Base/67ab3a0/e6fe91d/3db3de9/Build/yaml-cpp/Build/yaml-cpp-Release-prefix/src/yaml-cpp-Release-build/yaml-cpp.build/Release/yaml-cpp.build/Objects-normal/x86_64/exp.o

CompileC /Users/username/.hunter/_Base/67ab3a0/e6fe91d/3db3de9/Build/yaml-cpp/Build/yaml-cpp-Release-prefix/src/yaml-cpp-Release-build/yaml-cpp.build/Release/yaml-cpp.build/Objects-normal/x86_64/node.o src/node.cpp normal x86_64 c++ com.apple.compilers.llvm.clang.1_0.compiler
    cd /Users/username/.hunter/_Base/67ab3a0/e6fe91d/3db3de9/Build/yaml-cpp/Source
    export LANG=en_US.US-ASCII
    /Applications/Xcode.app/Contents/Developer/Toolchains/XcodeDefault.xctoolchain/usr/bin/clang -x c++ -arch x86_64 -fmessage-length=0 -fdiagnostics-show-note-include-stack -fmacro-backtrace-limit=0 -Wno-trigraphs -fpascal-strings -O2 -Wno-missing-field-initializers -Wno-missing-prototypes -Wno-return-type -Wno-non-virtual-dtor -Wno-overloaded-virtual -Wno-exit-time-destructors -Wno-missing-braces -Wparentheses -Wswitch -Wno-unused-function -Wno-unused-label -Wno-unused-parameter -Wno-unused-variable -Wunused-value -Wno-empty-body -Wno-uninitialized -Wno-unknown-pragmas -Wno-shadow -Wno-four-char-constants -Wno-conversion -Wno-constant-conversion -Wno-int-conversion -Wno-bool-conversion -Wno-enum-conversion -Wno-float-conversion -Wno-non-literal-null-conversion -Wno-objc-literal-conversion -Wno-shorten-64-to-32 -Wno-newline-eof -Wno-c++11-extensions -DCMAKE_INTDIR=\"Release\" -isysroot /Applications/Xcode.app/Contents/Developer/Platforms/MacOSX.platform/Developer/SDKs/MacOSX10.13.sdk -fasm-blocks -fstrict-aliasing -Wdeprecated-declarations -Winvalid-offsetof -mmacosx-version-min=10.13 -Wno-sign-conversion -Wno-infinite-recursion -Wno-move -Wno-comma -Wno-block-capture-autoreleasing -Wno-strict-prototypes -Wno-range-loop-analysis -I/Users/username/.hunter/_Base/67ab3a0/e6fe91d/3db3de9/Build/yaml-cpp/Build/yaml-cpp-Release-prefix/src/yaml-cpp-Release-build/Release/include -I/Users/username/.hunter/_Base/67ab3a0/e6fe91d/3db3de9/Build/yaml-cpp/Source/src -I/Users/username/.hunter/_Base/67ab3a0/e6fe91d/3db3de9/Build/yaml-cpp/Source/include -I/Users/username/.hunter/_Base/67ab3a0/e6fe91d/3db3de9/Build/yaml-cpp/Build/yaml-cpp-Release-prefix/src/yaml-cpp-Release-build/yaml-cpp.build/Release/yaml-cpp.build/DerivedSources/x86_64 -I/Users/username/.hunter/_Base/67ab3a0/e6fe91d/3db3de9/Build/yaml-cpp/Build/yaml-cpp-Release-prefix/src/yaml-cpp-Release-build/yaml-cpp.build/Release/yaml-cpp.build/DerivedSources -Wmost -Wno-four-char-constants -Wno-unknown-pragmas -F/Users/username/.hunter/_Base/67ab3a0/e6fe91d/3db3de9/Build/yaml-cpp/Build/yaml-cpp-Release-prefix/src/yaml-cpp-Release-build/Release -Wall -Wextra -pedantic -Wno-long-long -MMD -MT dependencies -MF /Users/username/.hunter/_Base/67ab3a0/e6fe91d/3db3de9/Build/yaml-cpp/Build/yaml-cpp-Release-prefix/src/yaml-cpp-Release-build/yaml-cpp.build/Release/yaml-cpp.build/Objects-normal/x86_64/node.d --serialize-diagnostics /Users/username/.hunter/_Base/67ab3a0/e6fe91d/3db3de9/Build/yaml-cpp/Build/yaml-cpp-Release-prefix/src/yaml-cpp-Release-build/yaml-cpp.build/Release/yaml-cpp.build/Objects-normal/x86_64/node.dia -c /Users/username/.hunter/_Base/67ab3a0/e6fe91d/3db3de9/Build/yaml-cpp/Source/src/node.cpp -o /Users/username/.hunter/_Base/67ab3a0/e6fe91d/3db3de9/Build/yaml-cpp/Build/yaml-cpp-Release-prefix/src/yaml-cpp-Release-build/yaml-cpp.build/Release/yaml-cpp.build/Objects-normal/x86_64/node.o

CompileC /Users/username/.hunter/_Base/67ab3a0/e6fe91d/3db3de9/Build/yaml-cpp/Build/yaml-cpp-Release-prefix/src/yaml-cpp-Release-build/yaml-cpp.build/Release/yaml-cpp.build/Objects-normal/x86_64/node_data.o src/node_data.cpp normal x86_64 c++ com.apple.compilers.llvm.clang.1_0.compiler
    cd /Users/username/.hunter/_Base/67ab3a0/e6fe91d/3db3de9/Build/yaml-cpp/Source
    export LANG=en_US.US-ASCII
    /Applications/Xcode.app/Contents/Developer/Toolchains/XcodeDefault.xctoolchain/usr/bin/clang -x c++ -arch x86_64 -fmessage-length=0 -fdiagnostics-show-note-include-stack -fmacro-backtrace-limit=0 -Wno-trigraphs -fpascal-strings -O2 -Wno-missing-field-initializers -Wno-missing-prototypes -Wno-return-type -Wno-non-virtual-dtor -Wno-overloaded-virtual -Wno-exit-time-destructors -Wno-missing-braces -Wparentheses -Wswitch -Wno-unused-function -Wno-unused-label -Wno-unused-parameter -Wno-unused-variable -Wunused-value -Wno-empty-body -Wno-uninitialized -Wno-unknown-pragmas -Wno-shadow -Wno-four-char-constants -Wno-conversion -Wno-constant-conversion -Wno-int-conversion -Wno-bool-conversion -Wno-enum-conversion -Wno-float-conversion -Wno-non-literal-null-conversion -Wno-objc-literal-conversion -Wno-shorten-64-to-32 -Wno-newline-eof -Wno-c++11-extensions -DCMAKE_INTDIR=\"Release\" -isysroot /Applications/Xcode.app/Contents/Developer/Platforms/MacOSX.platform/Developer/SDKs/MacOSX10.13.sdk -fasm-blocks -fstrict-aliasing -Wdeprecated-declarations -Winvalid-offsetof -mmacosx-version-min=10.13 -Wno-sign-conversion -Wno-infinite-recursion -Wno-move -Wno-comma -Wno-block-capture-autoreleasing -Wno-strict-prototypes -Wno-range-loop-analysis -I/Users/username/.hunter/_Base/67ab3a0/e6fe91d/3db3de9/Build/yaml-cpp/Build/yaml-cpp-Release-prefix/src/yaml-cpp-Release-build/Release/include -I/Users/username/.hunter/_Base/67ab3a0/e6fe91d/3db3de9/Build/yaml-cpp/Source/src -I/Users/username/.hunter/_Base/67ab3a0/e6fe91d/3db3de9/Build/yaml-cpp/Source/include -I/Users/username/.hunter/_Base/67ab3a0/e6fe91d/3db3de9/Build/yaml-cpp/Build/yaml-cpp-Release-prefix/src/yaml-cpp-Release-build/yaml-cpp.build/Release/yaml-cpp.build/DerivedSources/x86_64 -I/Users/username/.hunter/_Base/67ab3a0/e6fe91d/3db3de9/Build/yaml-cpp/Build/yaml-cpp-Release-prefix/src/yaml-cpp-Release-build/yaml-cpp.build/Release/yaml-cpp.build/DerivedSources -Wmost -Wno-four-char-constants -Wno-unknown-pragmas -F/Users/username/.hunter/_Base/67ab3a0/e6fe91d/3db3de9/Build/yaml-cpp/Build/yaml-cpp-Release-prefix/src/yaml-cpp-Release-build/Release -Wall -Wextra -pedantic -Wno-long-long -MMD -MT dependencies -MF /Users/username/.hunter/_Base/67ab3a0/e6fe91d/3db3de9/Build/yaml-cpp/Build/yaml-cpp-Release-prefix/src/yaml-cpp-Release-build/yaml-cpp.build/Release/yaml-cpp.build/Objects-normal/x86_64/node_data.d --serialize-diagnostics /Users/username/.hunter/_Base/67ab3a0/e6fe91d/3db3de9/Build/yaml-cpp/Build/yaml-cpp-Release-prefix/src/yaml-cpp-Release-build/yaml-cpp.build/Release/yaml-cpp.build/Objects-normal/x86_64/node_data.dia -c /Users/username/.hunter/_Base/67ab3a0/e6fe91d/3db3de9/Build/yaml-cpp/Source/src/node_data.cpp -o /Users/username/.hunter/_Base/67ab3a0/e6fe91d/3db3de9/Build/yaml-cpp/Build/yaml-cpp-Release-prefix/src/yaml-cpp-Release-build/yaml-cpp.build/Release/yaml-cpp.build/Objects-normal/x86_64/node_data.o
In file included from /Users/username/.hunter/_Base/67ab3a0/e6fe91d/3db3de9/Build/yaml-cpp/Source/src/node_data.cpp:5:
/Users/username/.hunter/_Base/67ab3a0/e6fe91d/3db3de9/Build/yaml-cpp/Source/include/yaml-cpp/exceptions.h:100:47: error: a space is required between consecutive right angle brackets (use '> >')
    const T&, typename disable_if<is_numeric<T>>::type* = 0) {
                                              ^~
                                              > >
/Users/username/.hunter/_Base/67ab3a0/e6fe91d/3db3de9/Build/yaml-cpp/Source/include/yaml-cpp/exceptions.h:112:50: error: a space is required between consecutive right angle brackets (use '> >')
    const T& key, typename enable_if<is_numeric<T>>::type* = 0) {
                                                 ^~
                                                 > >
/Users/username/.hunter/_Base/67ab3a0/e6fe91d/3db3de9/Build/yaml-cpp/Source/include/yaml-cpp/exceptions.h:123:11: error:

CompileC /Users/username/.hunter/_Base/67ab3a0/e6fe91d/3db3de9/Build/yaml-cpp/Build/yaml-cpp-Release-prefix/src/yaml-cpp-Release-build/yaml-cpp.build/Release/yaml-cpp.build/Objects-normal/x86_64/memory.o src/memory.cpp normal x86_64 c++ com.apple.compilers.llvm.clang.1_0.compiler
    cd /Users/username/.hunter/_Base/67ab3a0/e6fe91d/3db3de9/Build/yaml-cpp/Source
    export LANG=en_US.US-ASCII
    /Applications/Xcode.app/Contents/Developer/Toolchains/XcodeDefault.xctoolchain/usr/bin/clang -x c++ -arch x86_64 -fmessage-length=0 -fdiagnostics-show-note-include-stack -fmacro-backtrace-limit=0 -Wno-trigraphs -fpascal-strings -O2 -Wno-missing-field-initializers -Wno-missing-prototypes -Wno-return-type -Wno-non-virtual-dtor -Wno-overloaded-virtual -Wno-exit-time-destructors -Wno-missing-braces -Wparentheses -Wswitch -Wno-unused-function -Wno-unused-label -Wno-unused-parameter -Wno-unused-variable -Wunused-value -Wno-empty-body -Wno-uninitialized -Wno-unknown-pragmas -Wno-shadow -Wno-four-char-constants -Wno-conversion -Wno-constant-conversion -Wno-int-conversion -Wno-bool-conversion -Wno-enum-conversion -Wno-float-conversion -Wno-non-literal-null-conversion -Wno-objc-literal-conversion -Wno-shorten-64-to-32 -Wno-newline-eof -Wno-c++11-extensions -DCMAKE_INTDIR=\"Release\" -isysroot /Applications/Xcode.app/Contents/Developer/Platforms/MacOSX.platform/Developer/SDKs/MacOSX10.13.sdk -fasm-blocks -fstrict-aliasing -Wdeprecated-declarations -Winvalid-offsetof -mmacosx-version-min=10.13 -Wno-sign-conversion -Wno-infinite-recursion -Wno-move -Wno-comma -Wno-block-capture-autoreleasing -Wno-strict-prototypes -Wno-range-loop-analysis -I/Users/username/.hunter/_Base/67ab3a0/e6fe91d/3db3de9/Build/yaml-cpp/Build/yaml-cpp-Release-prefix/src/yaml-cpp-Release-build/Release/include -I/Users/username/.hunter/_Base/67ab3a0/e6fe91d/3db3de9/Build/yaml-cpp/Source/src -I/Users/username/.hunter/_Base/67ab3a0/e6fe91d/3db3de9/Build/yaml-cpp/Source/include -I/Users/username/.hunter/_Base/67ab3a0/e6fe91d/3db3de9/Build/yaml-cpp/Build/yaml-cpp-Release-prefix/src/yaml-cpp-Release-build/yaml-cpp.build/Release/yaml-cpp.build/DerivedSources/x86_64 -I/Users/username/.hunter/_Base/67ab3a0/e6fe91d/3db3de9/Build/yaml-cpp/Build/yaml-cpp-Release-prefix/src/yaml-cpp-Release-build/yaml-cpp.build/Release/yaml-cpp.build/DerivedSources -Wmost -Wno-four-char-constants -Wno-unknown-pragmas -F/Users/username/.hunter/_Base/67ab3a0/e6fe91d/3db3de9/Build/yaml-cpp/Build/yaml-cpp-Release-prefix/src/yaml-cpp-Release-build/Release -Wall -Wextra -pedantic -Wno-long-long -MMD -MT dependencies -MF /Users/username/.hunter/_Base/67ab3a0/e6fe91d/3db3de9/Build/yaml-cpp/Build/yaml-cpp-Release-prefix/src/yaml-cpp-Release-build/yaml-cpp.build/Release/yaml-cpp.build/Objects-normal/x86_64/memory.d --serialize-diagnostics /Users/username/.hunter/_Base/67ab3a0/e6fe91d/3db3de9/Build/yaml-cpp/Build/yaml-cpp-Release-prefix/src/yaml-cpp-Release-build/yaml-cpp.build/Release/yaml-cpp.build/Objects-normal/x86_64/memory.dia -c /Users/username/.hunter/_Base/67ab3a0/e6fe91d/3db3de9/Build/yaml-cpp/Source/src/memory.cpp -o /Users/username/.hunter/_Base/67ab3a0/e6fe91d/3db3de9/Build/yaml-cpp/Build/yaml-cpp-Release-prefix/src/yaml-cpp-Release-build/yaml-cpp.build/Release/yaml-cpp.build/Objects-normal/x86_64/memory.o
In file included from /Users/username/.hunter/_Base/67ab3a0/e6fe91d/3db3de9/Build/yaml-cpp/Source/src/memory.cpp:2:
In file included from /Users/username/.hunter/_Base/67ab3a0/e6fe91d/3db3de9/Build/yaml-cpp/Source/include/yaml-cpp/node/detail/node.h:14:
In file included from /Users/username/.hunter/_Base/67ab3a0/e6fe91d/3db3de9/Build/yaml-cpp/Source/include/yaml-cpp/node/detail/node_ref.h:13:
In file included from /Users/username/.hunter/_Base/67ab3a0/e6fe91d/3db3de9/Build/yaml-cpp/Source/include/yaml-cpp/node/detail/node_data.h:17:
/Users/username/.hunter/_Base/67ab3a0/e6fe91d/3db3de9/Build/yaml-cpp/Source/include/yaml-cpp/node/detail/node_iterator.h:40:43: error: a space is required between consecutive right angle brackets (use '> >')
typedef std::vector<std::pair<node*, node*>> node_map;
                                          ^~
                                          > >
/Users/username/.hunter/_Base/67ab3a0/e6fe91d/3db3de9/Build/yaml-cpp/Source/include/yaml-cpp/node/detail/node_iterator.h:58:49: error: a space is required between consecutive right angle brackets (use '> >')
                           node_iterator_value<V>> {
                                                ^~
                                                > >
In file included from /Users/username/.hunter/_Base/67ab3a0/e6fe91d/3db3de9/Build/yaml-cpp/Source/src/memory.cpp:2:
In file included from /Users/username/.hunter/_Base/67ab3a0/e6fe91d/3db3de9/Build/yaml-cpp/Source/include/yaml-cpp/node/detail/node.h:14:
In file included from /Users/username/.hunter/_Base/67ab3a0/e6fe91d/3db3de9/Build/yaml-cpp/Source/include/yaml-cpp/node/detail/node_ref.h:13:
/Users/username/.hunter/_Base/67ab3a0/e6fe91d/3db3de9/Build/yaml-cpp/Source/include/yaml-cpp/node/detail/node_data.h:117:45: error: a space is required between consecutive right angle brackets (use '> >')
  typedef std::vector<std::pair<node*, node*>> node_map;
                                            ^~
                                            > >
3 errors generated.

CompileC /Users/username/.hunter/_Base/67ab3a0/e6fe91d/3db3de9/Build/yaml-cpp/Build/yaml-cpp-Release-prefix/src/yaml-cpp-Release-build/yaml-cpp.build/Release/yaml-cpp.build/Objects-normal/x86_64/nodebuilder.o src/nodebuilder.cpp normal x86_64 c++ com.apple.compilers.llvm.clang.1_0.compiler
    cd /Users/username/.hunter/_Base/67ab3a0/e6fe91d/3db3de9/Build/yaml-cpp/Source
    export LANG=en_US.US-ASCII
    /Applications/Xcode.app/Contents/Developer/Toolchains/XcodeDefault.xctoolchain/usr/bin/clang -x c++ -arch x86_64 -fmessage-length=0 -fdiagnostics-show-note-include-stack -fmacro-backtrace-limit=0 -Wno-trigraphs -fpascal-strings -O2 -Wno-missing-field-initializers -Wno-missing-prototypes -Wno-return-type -Wno-non-virtual-dtor -Wno-overloaded-virtual -Wno-exit-time-destructors -Wno-missing-braces -Wparentheses -Wswitch -Wno-unused-function -Wno-unused-label -Wno-unused-parameter -Wno-unused-variable -Wunused-value -Wno-empty-body -Wno-uninitialized -Wno-unknown-pragmas -Wno-shadow -Wno-four-char-constants -Wno-conversion -Wno-constant-conversion -Wno-int-conversion -Wno-bool-conversion -Wno-enum-conversion -Wno-float-conversion -Wno-non-literal-null-conversion -Wno-objc-literal-conversion -Wno-shorten-64-to-32 -Wno-newline-eof -Wno-c++11-extensions -DCMAKE_INTDIR=\"Release\" -isysroot /Applications/Xcode.app/Contents/Developer/Platforms/MacOSX.platform/Developer/SDKs/MacOSX10.13.sdk -fasm-blocks -fstrict-aliasing -Wdeprecated-declarations -Winvalid-offsetof -mmacosx-version-min=10.13 -Wno-sign-conversion -Wno-infinite-recursion -Wno-move -Wno-comma -Wno-block-capture-autoreleasing -Wno-strict-prototypes -Wno-range-loop-analysis -I/Users/username/.hunter/_Base/67ab3a0/e6fe91d/3db3de9/Build/yaml-cpp/Build/yaml-cpp-Release-prefix/src/yaml-cpp-Release-build/Release/include -I/Users/username/.hunter/_Base/67ab3a0/e6fe91d/3db3de9/Build/yaml-cpp/Source/src -I/Users/username/.hunter/_Base/67ab3a0/e6fe91d/3db3de9/Build/yaml-cpp/Source/include -I/Users/username/.hunter/_Base/67ab3a0/e6fe91d/3db3de9/Build/yaml-cpp/Build/yaml-cpp-Release-prefix/src/yaml-cpp-Release-build/yaml-cpp.build/Release/yaml-cpp.build/DerivedSources/x86_64 -I/Users/username/.hunter/_Base/67ab3a0/e6fe91d/3db3de9/Build/yaml-cpp/Build/yaml-cpp-Release-prefix/src/yaml-cpp-Release-build/yaml-cpp.build/Release/yaml-cpp.build/DerivedSources -Wmost -Wno-four-char-constants -Wno-unknown-pragmas -F/Users/username/.hunter/_Base/67ab3a0/e6fe91d/3db3de9/Build/yaml-cpp/Build/yaml-cpp-Release-prefix/src/yaml-cpp-Release-build/Release -Wall -Wextra -pedantic -Wno-long-long -MMD -MT dependencies -MF /Users/username/.hunter/_Base/67ab3a0/e6fe91d/3db3de9/Build/yaml-cpp/Build/yaml-cpp-Release-prefix/src/yaml-cpp-Release-build/yaml-cpp.build/Release/yaml-cpp.build/Objects-normal/x86_64/nodebuilder.d --serialize-diagnostics /Users/username/.hunter/_Base/67ab3a0/e6fe91d/3db3de9/Build/yaml-cpp/Build/yaml-cpp-Release-prefix/src/yaml-cpp-Release-build/yaml-cpp.build/Release/yaml-cpp.build/Objects-normal/x86_64/nodebuilder.dia -c /Users/username/.hunter/_Base/67ab3a0/e6fe91d/3db3de9/Build/yaml-cpp/Source/src/nodebuilder.cpp -o /Users/username/.hunter/_Base/67ab3a0/e6fe91d/3db3de9/Build/yaml-cpp/Build/yaml-cpp-Release-prefix/src/yaml-cpp-Release-build/yaml-cpp.build/Release/yaml-cpp.build/Objects-normal/x86_64/nodebuilder.o
In file included from /Users/username/.hunter/_Base/67ab3a0/e6fe91d/3db3de9/Build/yaml-cpp/Source/src/nodebuilder.cpp:5:
In file included from /Users/username/.hunter/_Base/67ab3a0/e6fe91d/3db3de9/Build/yaml-cpp/Source/include/yaml-cpp/node/detail/node.h:14:
In file included from /Users/username/.hunter/_Base/67ab3a0/e6fe91d/3db3de9/Build/yaml-cpp/Source/include/yaml-cpp/node/detail/node_ref.h:13:
In file included from /Users/username/.hunter/_Base/67ab3a0/e6fe91d/3db3de9/Build/yaml-cpp/Source/include/yaml-cpp/node/detail/node_data.h:17:
/Users/username/.hunter/_Base/67ab3a0/e6fe91d/3db3de9/Build/yaml-cpp/Source/include/yaml-cpp/node/detail/node_iterator.h:40:43: error: a space is required between consecutive right angle brackets (use '> >')
typedef std::vector<std::pair<node*, node*>> node_map;
                                          ^~
                                          > >
/Users/username/.hunter/_Base/67ab3a0/e6fe91d/3db3de9/Build/yaml-cpp/Source/include/yaml-cpp/node/detail/node_iterator.h:58:49: error: a space is required between consecutive right angle brackets (use '> >')
                           node_iterator_value<V>> {
                                                ^~
                                                > >
In file included from /Users/username/.hunter/_Base/67ab3a0/e6fe91d/3db3de9/Build/yaml-cpp/Source/src/nodebuilder.cpp:5:
In file included from /Users/username/.hunter/_Base/67ab3a0/e6fe91d/3db3de9/Build/yaml-cpp/Source/include/yaml-cpp/node/detail/node.h:14:
In file included from /Users/username/.hunter/_Base/67ab3a0/e6fe91d/3db3de9/Build/yaml-cpp/Source/include/yaml-cpp/node/detail/node_ref.h:13:
/Users/username/.hunter/_Base/67ab3a0/e6fe91d/3db3de9/Build/yaml-cpp/Source/include/yaml-cpp/node/detail/node_data.h:117:45: error: a space is required between consecutive right angle brackets (use '> >')
  typedef std::vector<std::pair<node*, node*>> node_map;
                                            ^~
                                            > >

CompileC /Users/username/.hunter/_Base/67ab3a0/e6fe91d/3db3de9/Build/yaml-cpp/Build/yaml-cpp-Release-prefix/src/yaml-cpp-Release-build/yaml-cpp.build/Release/yaml-cpp.build/Objects-normal/x86_64/null.o src/null.cpp normal x86_64 c++ com.apple.compilers.llvm.clang.1_0.compiler
    cd /Users/username/.hunter/_Base/67ab3a0/e6fe91d/3db3de9/Build/yaml-cpp/Source
    export LANG=en_US.US-ASCII
    /Applications/Xcode.app/Contents/Developer/Toolchains/XcodeDefault.xctoolchain/usr/bin/clang -x c++ -arch x86_64 -fmessage-length=0 -fdiagnostics-show-note-include-stack -fmacro-backtrace-limit=0 -Wno-trigraphs -fpascal-strings -O2 -Wno-missing-field-initializers -Wno-missing-prototypes -Wno-return-type -Wno-non-virtual-dtor -Wno-overloaded-virtual -Wno-exit-time-destructors -Wno-missing-braces -Wparentheses -Wswitch -Wno-unused-function -Wno-unused-label -Wno-unused-parameter -Wno-unused-variable -Wunused-value -Wno-empty-body -Wno-uninitialized -Wno-unknown-pragmas -Wno-shadow -Wno-four-char-constants -Wno-conversion -Wno-constant-conversion -Wno-int-conversion -Wno-bool-conversion -Wno-enum-conversion -Wno-float-conversion -Wno-non-literal-null-conversion -Wno-objc-literal-conversion -Wno-shorten-64-to-32 -Wno-newline-eof -Wno-c++11-extensions -DCMAKE_INTDIR=\"Release\" -isysroot /Applications/Xcode.app/Contents/Developer/Platforms/MacOSX.platform/Developer/SDKs/MacOSX10.13.sdk -fasm-blocks -fstrict-aliasing -Wdeprecated-declarations -Winvalid-offsetof -mmacosx-version-min=10.13 -Wno-sign-conversion -Wno-infinite-recursion -Wno-move -Wno-comma -Wno-block-capture-autoreleasing -Wno-strict-prototypes -Wno-range-loop-analysis -I/Users/username/.hunter/_Base/67ab3a0/e6fe91d/3db3de9/Build/yaml-cpp/Build/yaml-cpp-Release-prefix/src/yaml-cpp-Release-build/Release/include -I/Users/username/.hunter/_Base/67ab3a0/e6fe91d/3db3de9/Build/yaml-cpp/Source/src -I/Users/username/.hunter/_Base/67ab3a0/e6fe91d/3db3de9/Build/yaml-cpp/Source/include -I/Users/username/.hunter/_Base/67ab3a0/e6fe91d/3db3de9/Build/yaml-cpp/Build/yaml-cpp-Release-prefix/src/yaml-cpp-Release-build/yaml-cpp.build/Release/yaml-cpp.build/DerivedSources/x86_64 -I/Users/username/.hunter/_Base/67ab3a0/e6fe91d/3db3de9/Build/yaml-cpp/Build/yaml-cpp-Release-prefix/src/yaml-cpp-Release-build/yaml-cpp.build/Release/yaml-cpp.build/DerivedSources -Wmost -Wno-four-char-constants -Wno-unknown-pragmas -F/Users/username/.hunter/_Base/67ab3a0/e6fe91d/3db3de9/Build/yaml-cpp/Build/yaml-cpp-Release-prefix/src/yaml-cpp-Release-build/Release -Wall -Wextra -pedantic -Wno-long-long -MMD -MT dependencies -MF /Users/username/.hunter/_Base/67ab3a0/e6fe91d/3db3de9/Build/yaml-cpp/Build/yaml-cpp-Release-prefix/src/yaml-cpp-Release-build/yaml-cpp.build/Release/yaml-cpp.build/Objects-normal/x86_64/null.d --serialize-diagnostics /Users/username/.hunter/_Base/67ab3a0/e6fe91d/3db3de9/Build/yaml-cpp/Build/yaml-cpp-Release-prefix/src/yaml-cpp-Release-build/yaml-cpp.build/Release/yaml-cpp.build/Objects-normal/x86_64/null.dia -c /Users/username/.hunter/_Base/67ab3a0/e6fe91d/3db3de9/Build/yaml-cpp/Source/src/null.cpp -o /Users/username/.hunter/_Base/67ab3a0/e6fe91d/3db3de9/Build/yaml-cpp/Build/yaml-cpp-Release-prefix/src/yaml-cpp-Release-build/yaml-cpp.build/Release/yaml-cpp.build/Objects-normal/x86_64/null.o

CompileC /Users/username/.hunter/_Base/67ab3a0/e6fe91d/3db3de9/Build/yaml-cpp/Build/yaml-cpp-Release-prefix/src/yaml-cpp-Release-build/yaml-cpp.build/Release/yaml-cpp.build/Objects-normal/x86_64/nodeevents.o src/nodeevents.cpp normal x86_64 c++ com.apple.compilers.llvm.clang.1_0.compiler
    cd /Users/username/.hunter/_Base/67ab3a0/e6fe91d/3db3de9/Build/yaml-cpp/Source
    export LANG=en_US.US-ASCII
    /Applications/Xcode.app/Contents/Developer/Toolchains/XcodeDefault.xctoolchain/usr/bin/clang -x c++ -arch x86_64 -fmessage-length=0 -fdiagnostics-show-note-include-stack -fmacro-backtrace-limit=0 -Wno-trigraphs -fpascal-strings -O2 -Wno-missing-field-initializers -Wno-missing-prototypes -Wno-return-type -Wno-non-virtual-dtor -Wno-overloaded-virtual -Wno-exit-time-destructors -Wno-missing-braces -Wparentheses -Wswitch -Wno-unused-function -Wno-unused-label -Wno-unused-parameter -Wno-unused-variable -Wunused-value -Wno-empty-body -Wno-uninitialized -Wno-unknown-pragmas -Wno-shadow -Wno-four-char-constants -Wno-conversion -Wno-constant-conversion -Wno-int-conversion -Wno-bool-conversion -Wno-enum-conversion -Wno-float-conversion -Wno-non-literal-null-conversion -Wno-objc-literal-conversion -Wno-shorten-64-to-32 -Wno-newline-eof -Wno-c++11-extensions -DCMAKE_INTDIR=\"Release\" -isysroot /Applications/Xcode.app/Contents/Developer/Platforms/MacOSX.platform/Developer/SDKs/MacOSX10.13.sdk -fasm-blocks -fstrict-aliasing -Wdeprecated-declarations -Winvalid-offsetof -mmacosx-version-min=10.13 -Wno-sign-conversion -Wno-infinite-recursion -Wno-move -Wno-comma -Wno-block-capture-autoreleasing -Wno-strict-prototypes -Wno-range-loop-analysis -I/Users/username/.hunter/_Base/67ab3a0/e6fe91d/3db3de9/Build/yaml-cpp/Build/yaml-cpp-Release-prefix/src/yaml-cpp-Release-build/Release/include -I/Users/username/.hunter/_Base/67ab3a0/e6fe91d/3db3de9/Build/yaml-cpp/Source/src -I/Users/username/.hunter/_Base/67ab3a0/e6fe91d/3db3de9/Build/yaml-cpp/Source/include -I/Users/username/.hunter/_Base/67ab3a0/e6fe91d/3db3de9/Build/yaml-cpp/Build/yaml-cpp-Release-prefix/src/yaml-cpp-Release-build/yaml-cpp.build/Release/yaml-cpp.build/DerivedSources/x86_64 -I/Users/username/.hunter/_Base/67ab3a0/e6fe91d/3db3de9/Build/yaml-cpp/Build/yaml-cpp-Release-prefix/src/yaml-cpp-Release-build/yaml-cpp.build/Release/yaml-cpp.build/DerivedSources -Wmost -Wno-four-char-constants -Wno-unknown-pragmas -F/Users/username/.hunter/_Base/67ab3a0/e6fe91d/3db3de9/Build/yaml-cpp/Build/yaml-cpp-Release-prefix/src/yaml-cpp-Release-build/Release -Wall -Wextra -pedantic -Wno-long-long -MMD -MT dependencies -MF /Users/username/.hunter/_Base/67ab3a0/e6fe91d/3db3de9/Build/yaml-cpp/Build/yaml-cpp-Release-prefix/src/yaml-cpp-Release-build/yaml-cpp.build/Release/yaml-cpp.build/Objects-normal/x86_64/nodeevents.d --serialize-diagnostics /Users/username/.hunter/_Base/67ab3a0/e6fe91d/3db3de9/Build/yaml-cpp/Build/yaml-cpp-Release-prefix/src/yaml-cpp-Release-build/yaml-cpp.build/Release/yaml-cpp.build/Objects-normal/x86_64/nodeevents.dia -c /Users/username/.hunter/_Base/67ab3a0/e6fe91d/3db3de9/Build/yaml-cpp/Source/src/nodeevents.cpp -o /Users/username/.hunter/_Base/67ab3a0/e6fe91d/3db3de9/Build/yaml-cpp/Build/yaml-cpp-Release-prefix/src/yaml-cpp-Release-build/yaml-cpp.build/Release/yaml-cpp.build/Objects-normal/x86_64/nodeevents.o
In file included from /Users/username/.hunter/_Base/67ab3a0/e6fe91d/3db3de9/Build/yaml-cpp/Source/src/nodeevents.cpp:4:
In file included from /Users/username/.hunter/_Base/67ab3a0/e6fe91d/3db3de9/Build/yaml-cpp/Source/include/yaml-cpp/node/detail/node.h:14:
In file included from /Users/username/.hunter/_Base/67ab3a0/e6fe91d/3db3de9/Build/yaml-cpp/Source/include/yaml-cpp/node/detail/node_ref.h:13:
In file included from /Users/username/.hunter/_Base/67ab3a0/e6fe91d/3db3de9/Build/yaml-cpp/Source/include/yaml-cpp/node/detail/node_data.h:17:
/Users/username/.hunter/_Base/67ab3a0/e6fe91d/3db3de9/Build/yaml-cpp/Source/include/yaml-cpp/node/detail/node_iterator.h:40:43: error: a space is required between consecutive right angle brackets (use '> >')
typedef std::vector<std::pair<node*, node*>> node_map;
                                          ^~
                                          > >
/Users/username/.hunter/_Base/67ab3a0/e6fe91d/3db3de9/Build/yaml-cpp/Source/include/yaml-cpp/node/detail/node_iterator.h:58:49: error: a space is required between consecutive right angle brackets (use '> >')
                           node_iterator_value<V>> {
                                                ^~
                                                > >
In file included from /Users/username/.hunter/_Base/67ab3a0/e6fe91d/3db3de9/Build/yaml-cpp/Source/src/nodeevents.cpp:4:
In file included from /Users/username/.hunter/_Base/67ab3a0/e6fe91d/3db3de9/Build/yaml-cpp/Source/include/yaml-cpp/node/detail/node.h:14:
In file included from /Users/username/.hunter/_Base/67ab3a0/e6fe91d/3db3de9/Build/yaml-cpp/Source/include/yaml-cpp/node/detail/node_ref.h:13:
/Users/username/.hunter/_Base/67ab3a0/e6fe91d/3db3de9/Build/yaml-cpp/Source/include/yaml-cpp/node/detail/node_data.h:117:45: error: a space is required between consecutive right angle brackets (use '> >')
  typedef std::vector<std::pair<node*, node*>> node_map;
                                            ^~
                                            > >
3 errors generated.

CompileC /Users/username/.hunter/_Base/67ab3a0/e6fe91d/3db3de9/Build/yaml-cpp/Build/yaml-cpp-Release-prefix/src/yaml-cpp-Release-build/yaml-cpp.build/Release/yaml-cpp.build/Objects-normal/x86_64/ostream_wrapper.o src/ostream_wrapper.cpp normal x86_64 c++ com.apple.compilers.llvm.clang.1_0.compiler
    cd /Users/username/.hunter/_Base/67ab3a0/e6fe91d/3db3de9/Build/yaml-cpp/Source
    export LANG=en_US.US-ASCII
    /Applications/Xcode.app/Contents/Developer/Toolchains/XcodeDefault.xctoolchain/usr/bin/clang -x c++ -arch x86_64 -fmessage-length=0 -fdiagnostics-show-note-include-stack -fmacro-backtrace-limit=0 -Wno-trigraphs -fpascal-strings -O2 -Wno-missing-field-initializers -Wno-missing-prototypes -Wno-return-type -Wno-non-virtual-dtor -Wno-overloaded-virtual -Wno-exit-time-destructors -Wno-missing-braces -Wparentheses -Wswitch -Wno-unused-function -Wno-unused-label -Wno-unused-parameter -Wno-unused-variable -Wunused-value -Wno-empty-body -Wno-uninitialized -Wno-unknown-pragmas -Wno-shadow -Wno-four-char-constants -Wno-conversion -Wno-constant-conversion -Wno-int-conversion -Wno-bool-conversion -Wno-enum-conversion -Wno-float-conversion -Wno-non-literal-null-conversion -Wno-objc-literal-conversion -Wno-shorten-64-to-32 -Wno-newline-eof -Wno-c++11-extensions -DCMAKE_INTDIR=\"Release\" -isysroot /Applications/Xcode.app/Contents/Developer/Platforms/MacOSX.platform/Developer/SDKs/MacOSX10.13.sdk -fasm-blocks -fstrict-aliasing -Wdeprecated-declarations -Winvalid-offsetof -mmacosx-version-min=10.13 -Wno-sign-conversion -Wno-infinite-recursion -Wno-move -Wno-comma -Wno-block-capture-autoreleasing -Wno-strict-prototypes -Wno-range-loop-analysis -I/Users/username/.hunter/_Base/67ab3a0/e6fe91d/3db3de9/Build/yaml-cpp/Build/yaml-cpp-Release-prefix/src/yaml-cpp-Release-build/Release/include -I/Users/username/.hunter/_Base/67ab3a0/e6fe91d/3db3de9/Build/yaml-cpp/Source/src -I/Users/username/.hunter/_Base/67ab3a0/e6fe91d/3db3de9/Build/yaml-cpp/Source/include -I/Users/username/.hunter/_Base/67ab3a0/e6fe91d/3db3de9/Build/yaml-cpp/Build/yaml-cpp-Release-prefix/src/yaml-cpp-Release-build/yaml-cpp.build/Release/yaml-cpp.build/DerivedSources/x86_64 -I/Users/username/.hunter/_Base/67ab3a0/e6fe91d/3db3de9/Build/yaml-cpp/Build/yaml-cpp-Release-prefix/src/yaml-cpp-Release-build/yaml-cpp.build/Release/yaml-cpp.build/DerivedSources -Wmost -Wno-four-char-constants -Wno-unknown-pragmas -F/Users/username/.hunter/_Base/67ab3a0/e6fe91d/3db3de9/Build/yaml-cpp/Build/yaml-cpp-Release-prefix/src/yaml-cpp-Release-build/Release -Wall -Wextra -pedantic -Wno-long-long -MMD -MT dependencies -MF /Users/username/.hunter/_Base/67ab3a0/e6fe91d/3db3de9/Build/yaml-cpp/Build/yaml-cpp-Release-prefix/src/yaml-cpp-Release-build/yaml-cpp.build/Release/yaml-cpp.build/Objects-normal/x86_64/ostream_wrapper.d --serialize-diagnostics /Users/username/.hunter/_Base/67ab3a0/e6fe91d/3db3de9/Build/yaml-cpp/Build/yaml-cpp-Release-prefix/src/yaml-cpp-Release-build/yaml-cpp.build/Release/yaml-cpp.build/Objects-normal/x86_64/ostream_wrapper.dia -c /Users/username/.hunter/_Base/67ab3a0/e6fe91d/3db3de9/Build/yaml-cpp/Source/src/ostream_wrapper.cpp -o /Users/username/.hunter/_Base/67ab3a0/e6fe91d/3db3de9/Build/yaml-cpp/Build/yaml-cpp-Release-prefix/src/yaml-cpp-Release-build/yaml-cpp.build/Release/yaml-cpp.build/Objects-normal/x86_64/ostream_wrapper.o

CompileC /Users/username/.hunter/_Base/67ab3a0/e6fe91d/3db3de9/Build/yaml-cpp/Build/yaml-cpp-Release-prefix/src/yaml-cpp-Release-build/yaml-cpp.build/Release/yaml-cpp.build/Objects-normal/x86_64/parse.o src/parse.cpp normal x86_64 c++ com.apple.compilers.llvm.clang.1_0.compiler
    cd /Users/username/.hunter/_Base/67ab3a0/e6fe91d/3db3de9/Build/yaml-cpp/Source
    export LANG=en_US.US-ASCII
    /Applications/Xcode.app/Contents/Developer/Toolchains/XcodeDefault.xctoolchain/usr/bin/clang -x c++ -arch x86_64 -fmessage-length=0 -fdiagnostics-show-note-include-stack -fmacro-backtrace-limit=0 -Wno-trigraphs -fpascal-strings -O2 -Wno-missing-field-initializers -Wno-missing-prototypes -Wno-return-type -Wno-non-virtual-dtor -Wno-overloaded-virtual -Wno-exit-time-destructors -Wno-missing-braces -Wparentheses -Wswitch -Wno-unused-function -Wno-unused-label -Wno-unused-parameter -Wno-unused-variable -Wunused-value -Wno-empty-body -Wno-uninitialized -Wno-unknown-pragmas -Wno-shadow -Wno-four-char-constants -Wno-conversion -Wno-constant-conversion -Wno-int-conversion -Wno-bool-conversion -Wno-enum-conversion -Wno-float-conversion -Wno-non-literal-null-conversion -Wno-objc-literal-conversion -Wno-shorten-64-to-32 -Wno-newline-eof -Wno-c++11-extensions -DCMAKE_INTDIR=\"Release\" -isysroot /Applications/Xcode.app/Contents/Developer/Platforms/MacOSX.platform/Developer/SDKs/MacOSX10.13.sdk -fasm-blocks -fstrict-aliasing -Wdeprecated-declarations -Winvalid-offsetof -mmacosx-version-min=10.13 -Wno-sign-conversion -Wno-infinite-recursion -Wno-move -Wno-comma -Wno-block-capture-autoreleasing -Wno-strict-prototypes -Wno-range-loop-analysis -I/Users/username/.hunter/_Base/67ab3a0/e6fe91d/3db3de9/Build/yaml-cpp/Build/yaml-cpp-Release-prefix/src/yaml-cpp-Release-build/Release/include -I/Users/username/.hunter/_Base/67ab3a0/e6fe91d/3db3de9/Build/yaml-cpp/Source/src -I/Users/username/.hunter/_Base/67ab3a0/e6fe91d/3db3de9/Build/yaml-cpp/Source/include -I/Users/username/.hunter/_Base/67ab3a0/e6fe91d/3db3de9/Build/yaml-cpp/Build/yaml-cpp-Release-prefix/src/yaml-cpp-Release-build/yaml-cpp.build/Release/yaml-cpp.build/DerivedSources/x86_64 -I/Users/username/.hunter/_Base/67ab3a0/e6fe91d/3db3de9/Build/yaml-cpp/Build/yaml-cpp-Release-prefix/src/yaml-cpp-Release-build/yaml-cpp.build/Release/yaml-cpp.build/DerivedSources -Wmost -Wno-four-char-constants -Wno-unknown-pragmas -F/Users/username/.hunter/_Base/67ab3a0/e6fe91d/3db3de9/Build/yaml-cpp/Build/yaml-cpp-Release-prefix/src/yaml-cpp-Release-build/Release -Wall -Wextra -pedantic -Wno-long-long -MMD -MT dependencies -MF /Users/username/.hunter/_Base/67ab3a0/e6fe91d/3db3de9/Build/yaml-cpp/Build/yaml-cpp-Release-prefix/src/yaml-cpp-Release-build/yaml-cpp.build/Release/yaml-cpp.build/Objects-normal/x86_64/parse.d --serialize-diagnostics /Users/username/.hunter/_Base/67ab3a0/e6fe91d/3db3de9/Build/yaml-cpp/Build/yaml-cpp-Release-prefix/src/yaml-cpp-Release-build/yaml-cpp.build/Release/yaml-cpp.build/Objects-normal/x86_64/parse.dia -c /Users/username/.hunter/_Base/67ab3a0/e6fe91d/3db3de9/Build/yaml-cpp/Source/src/parse.cpp -o /Users/username/.hunter/_Base/67ab3a0/e6fe91d/3db3de9/Build/yaml-cpp/Build/yaml-cpp-Release-prefix/src/yaml-cpp-Release-build/yaml-cpp.build/Release/yaml-cpp.build/Objects-normal/x86_64/parse.o

CompileC /Users/username/.hunter/_Base/67ab3a0/e6fe91d/3db3de9/Build/yaml-cpp/Build/yaml-cpp-Release-prefix/src/yaml-cpp-Release-build/yaml-cpp.build/Release/yaml-cpp.build/Objects-normal/x86_64/regex_yaml.o src/regex_yaml.cpp normal x86_64 c++ com.apple.compilers.llvm.clang.1_0.compiler
    cd /Users/username/.hunter/_Base/67ab3a0/e6fe91d/3db3de9/Build/yaml-cpp/Source
    export LANG=en_US.US-ASCII
    /Applications/Xcode.app/Contents/Developer/Toolchains/XcodeDefault.xctoolchain/usr/bin/clang -x c++ -arch x86_64 -fmessage-length=0 -fdiagnostics-show-note-include-stack -fmacro-backtrace-limit=0 -Wno-trigraphs -fpascal-strings -O2 -Wno-missing-field-initializers -Wno-missing-prototypes -Wno-return-type -Wno-non-virtual-dtor -Wno-overloaded-virtual -Wno-exit-time-destructors -Wno-missing-braces -Wparentheses -Wswitch -Wno-unused-function -Wno-unused-label -Wno-unused-parameter -Wno-unused-variable -Wunused-value -Wno-empty-body -Wno-uninitialized -Wno-unknown-pragmas -Wno-shadow -Wno-four-char-constants -Wno-conversion -Wno-constant-conversion -Wno-int-conversion -Wno-bool-conversion -Wno-enum-conversion -Wno-float-conversion -Wno-non-literal-null-conversion -Wno-objc-literal-conversion -Wno-shorten-64-to-32 -Wno-newline-eof -Wno-c++11-extensions -DCMAKE_INTDIR=\"Release\" -isysroot /Applications/Xcode.app/Contents/Developer/Platforms/MacOSX.platform/Developer/SDKs/MacOSX10.13.sdk -fasm-blocks -fstrict-aliasing -Wdeprecated-declarations -Winvalid-offsetof -mmacosx-version-min=10.13 -Wno-sign-conversion -Wno-infinite-recursion -Wno-move -Wno-comma -Wno-block-capture-autoreleasing -Wno-strict-prototypes -Wno-range-loop-analysis -I/Users/username/.hunter/_Base/67ab3a0/e6fe91d/3db3de9/Build/yaml-cpp/Build/yaml-cpp-Release-prefix/src/yaml-cpp-Release-build/Release/include -I/Users/username/.hunter/_Base/67ab3a0/e6fe91d/3db3de9/Build/yaml-cpp/Source/src -I/Users/username/.hunter/_Base/67ab3a0/e6fe91d/3db3de9/Build/yaml-cpp/Source/include -I/Users/username/.hunter/_Base/67ab3a0/e6fe91d/3db3de9/Build/yaml-cpp/Build/yaml-cpp-Release-prefix/src/yaml-cpp-Release-build/yaml-cpp.build/Release/yaml-cpp.build/DerivedSources/x86_64 -I/Users/username/.hunter/_Base/67ab3a0/e6fe91d/3db3de9/Build/yaml-cpp/Build/yaml-cpp-Release-prefix/src/yaml-cpp-Release-build/yaml-cpp.build/Release/yaml-cpp.build/DerivedSources -Wmost -Wno-four-char-constants -Wno-unknown-pragmas -F/Users/username/.hunter/_Base/67ab3a0/e6fe91d/3db3de9/Build/yaml-cpp/Build/yaml-cpp-Release-prefix/src/yaml-cpp-Release-build/Release -Wall -Wextra -pedantic -Wno-long-long -MMD -MT dependencies -MF /Users/username/.hunter/_Base/67ab3a0/e6fe91d/3db3de9/Build/yaml-cpp/Build/yaml-cpp-Release-prefix/src/yaml-cpp-Release-build/yaml-cpp.build/Release/yaml-cpp.build/Objects-normal/x86_64/regex_yaml.d --serialize-diagnostics /Users/username/.hunter/_Base/67ab3a0/e6fe91d/3db3de9/Build/yaml-cpp/Build/yaml-cpp-Release-prefix/src/yaml-cpp-Release-build/yaml-cpp.build/Release/yaml-cpp.build/Objects-normal/x86_64/regex_yaml.dia -c /Users/username/.hunter/_Base/67ab3a0/e6fe91d/3db3de9/Build/yaml-cpp/Source/src/regex_yaml.cpp -o /Users/username/.hunter/_Base/67ab3a0/e6fe91d/3db3de9/Build/yaml-cpp/Build/yaml-cpp-Release-prefix/src/yaml-cpp-Release-build/yaml-cpp.build/Release/yaml-cpp.build/Objects-normal/x86_64/regex_yaml.o

CompileC /Users/username/.hunter/_Base/67ab3a0/e6fe91d/3db3de9/Build/yaml-cpp/Build/yaml-cpp-Release-prefix/src/yaml-cpp-Release-build/yaml-cpp.build/Release/yaml-cpp.build/Objects-normal/x86_64/parser.o src/parser.cpp normal x86_64 c++ com.apple.compilers.llvm.clang.1_0.compiler
    cd /Users/username/.hunter/_Base/67ab3a0/e6fe91d/3db3de9/Build/yaml-cpp/Source
    export LANG=en_US.US-ASCII
    /Applications/Xcode.app/Contents/Developer/Toolchains/XcodeDefault.xctoolchain/usr/bin/clang -x c++ -arch x86_64 -fmessage-length=0 -fdiagnostics-show-note-include-stack -fmacro-backtrace-limit=0 -Wno-trigraphs -fpascal-strings -O2 -Wno-missing-field-initializers -Wno-missing-prototypes -Wno-return-type -Wno-non-virtual-dtor -Wno-overloaded-virtual -Wno-exit-time-destructors -Wno-missing-braces -Wparentheses -Wswitch -Wno-unused-function -Wno-unused-label -Wno-unused-parameter -Wno-unused-variable -Wunused-value -Wno-empty-body -Wno-uninitialized -Wno-unknown-pragmas -Wno-shadow -Wno-four-char-constants -Wno-conversion -Wno-constant-conversion -Wno-int-conversion -Wno-bool-conversion -Wno-enum-conversion -Wno-float-conversion -Wno-non-literal-null-conversion -Wno-objc-literal-conversion -Wno-shorten-64-to-32 -Wno-newline-eof -Wno-c++11-extensions -DCMAKE_INTDIR=\"Release\" -isysroot /Applications/Xcode.app/Contents/Developer/Platforms/MacOSX.platform/Developer/SDKs/MacOSX10.13.sdk -fasm-blocks -fstrict-aliasing -Wdeprecated-declarations -Winvalid-offsetof -mmacosx-version-min=10.13 -Wno-sign-conversion -Wno-infinite-recursion -Wno-move -Wno-comma -Wno-block-capture-autoreleasing -Wno-strict-prototypes -Wno-range-loop-analysis -I/Users/username/.hunter/_Base/67ab3a0/e6fe91d/3db3de9/Build/yaml-cpp/Build/yaml-cpp-Release-prefix/src/yaml-cpp-Release-build/Release/include -I/Users/username/.hunter/_Base/67ab3a0/e6fe91d/3db3de9/Build/yaml-cpp/Source/src -I/Users/username/.hunter/_Base/67ab3a0/e6fe91d/3db3de9/Build/yaml-cpp/Source/include -I/Users/username/.hunter/_Base/67ab3a0/e6fe91d/3db3de9/Build/yaml-cpp/Build/yaml-cpp-Release-prefix/src/yaml-cpp-Release-build/yaml-cpp.build/Release/yaml-cpp.build/DerivedSources/x86_64 -I/Users/username/.hunter/_Base/67ab3a0/e6fe91d/3db3de9/Build/yaml-cpp/Build/yaml-cpp-Release-prefix/src/yaml-cpp-Release-build/yaml-cpp.build/Release/yaml-cpp.build/DerivedSources -Wmost -Wno-four-char-constants -Wno-unknown-pragmas -F/Users/username/.hunter/_Base/67ab3a0/e6fe91d/3db3de9/Build/yaml-cpp/Build/yaml-cpp-Release-prefix/src/yaml-cpp-Release-build/Release -Wall -Wextra -pedantic -Wno-long-long -MMD -MT dependencies -MF /Users/username/.hunter/_Base/67ab3a0/e6fe91d/3db3de9/Build/yaml-cpp/Build/yaml-cpp-Release-prefix/src/yaml-cpp-Release-build/yaml-cpp.build/Release/yaml-cpp.build/Objects-normal/x86_64/parser.d --serialize-diagnostics /Users/username/.hunter/_Base/67ab3a0/e6fe91d/3db3de9/Build/yaml-cpp/Build/yaml-cpp-Release-prefix/src/yaml-cpp-Release-build/yaml-cpp.build/Release/yaml-cpp.build/Objects-normal/x86_64/parser.dia -c /Users/username/.hunter/_Base/67ab3a0/e6fe91d/3db3de9/Build/yaml-cpp/Source/src/parser.cpp -o /Users/username/.hunter/_Base/67ab3a0/e6fe91d/3db3de9/Build/yaml-cpp/Build/yaml-cpp-Release-prefix/src/yaml-cpp-Release-build/yaml-cpp.build/Release/yaml-cpp.build/Objects-normal/x86_64/parser.o

CompileC /Users/username/.hunter/_Base/67ab3a0/e6fe91d/3db3de9/Build/yaml-cpp/Build/yaml-cpp-Release-prefix/src/yaml-cpp-Release-build/yaml-cpp.build/Release/yaml-cpp.build/Objects-normal/x86_64/scanner.o src/scanner.cpp normal x86_64 c++ com.apple.compilers.llvm.clang.1_0.compiler
    cd /Users/username/.hunter/_Base/67ab3a0/e6fe91d/3db3de9/Build/yaml-cpp/Source
    export LANG=en_US.US-ASCII
    /Applications/Xcode.app/Contents/Developer/Toolchains/XcodeDefault.xctoolchain/usr/bin/clang -x c++ -arch x86_64 -fmessage-length=0 -fdiagnostics-show-note-include-stack -fmacro-backtrace-limit=0 -Wno-trigraphs -fpascal-strings -O2 -Wno-missing-field-initializers -Wno-missing-prototypes -Wno-return-type -Wno-non-virtual-dtor -Wno-overloaded-virtual -Wno-exit-time-destructors -Wno-missing-braces -Wparentheses -Wswitch -Wno-unused-function -Wno-unused-label -Wno-unused-parameter -Wno-unused-variable -Wunused-value -Wno-empty-body -Wno-uninitialized -Wno-unknown-pragmas -Wno-shadow -Wno-four-char-constants -Wno-conversion -Wno-constant-conversion -Wno-int-conversion -Wno-bool-conversion -Wno-enum-conversion -Wno-float-conversion -Wno-non-literal-null-conversion -Wno-objc-literal-conversion -Wno-shorten-64-to-32 -Wno-newline-eof -Wno-c++11-extensions -DCMAKE_INTDIR=\"Release\" -isysroot /Applications/Xcode.app/Contents/Developer/Platforms/MacOSX.platform/Developer/SDKs/MacOSX10.13.sdk -fasm-blocks -fstrict-aliasing -Wdeprecated-declarations -Winvalid-offsetof -mmacosx-version-min=10.13 -Wno-sign-conversion -Wno-infinite-recursion -Wno-move -Wno-comma -Wno-block-capture-autoreleasing -Wno-strict-prototypes -Wno-range-loop-analysis -I/Users/username/.hunter/_Base/67ab3a0/e6fe91d/3db3de9/Build/yaml-cpp/Build/yaml-cpp-Release-prefix/src/yaml-cpp-Release-build/Release/include -I/Users/username/.hunter/_Base/67ab3a0/e6fe91d/3db3de9/Build/yaml-cpp/Source/src -I/Users/username/.hunter/_Base/67ab3a0/e6fe91d/3db3de9/Build/yaml-cpp/Source/include -I/Users/username/.hunter/_Base/67ab3a0/e6fe91d/3db3de9/Build/yaml-cpp/Build/yaml-cpp-Release-prefix/src/yaml-cpp-Release-build/yaml-cpp.build/Release/yaml-cpp.build/DerivedSources/x86_64 -I/Users/username/.hunter/_Base/67ab3a0/e6fe91d/3db3de9/Build/yaml-cpp/Build/yaml-cpp-Release-prefix/src/yaml-cpp-Release-build/yaml-cpp.build/Release/yaml-cpp.build/DerivedSources -Wmost -Wno-four-char-constants -Wno-unknown-pragmas -F/Users/username/.hunter/_Base/67ab3a0/e6fe91d/3db3de9/Build/yaml-cpp/Build/yaml-cpp-Release-prefix/src/yaml-cpp-Release-build/Release -Wall -Wextra -pedantic -Wno-long-long -MMD -MT dependencies -MF /Users/username/.hunter/_Base/67ab3a0/e6fe91d/3db3de9/Build/yaml-cpp/Build/yaml-cpp-Release-prefix/src/yaml-cpp-Release-build/yaml-cpp.build/Release/yaml-cpp.build/Objects-normal/x86_64/scanner.d --serialize-diagnostics /Users/username/.hunter/_Base/67ab3a0/e6fe91d/3db3de9/Build/yaml-cpp/Build/yaml-cpp-Release-prefix/src/yaml-cpp-Release-build/yaml-cpp.build/Release/yaml-cpp.build/Objects-normal/x86_64/scanner.dia -c /Users/username/.hunter/_Base/67ab3a0/e6fe91d/3db3de9/Build/yaml-cpp/Source/src/scanner.cpp -o /Users/username/.hunter/_Base/67ab3a0/e6fe91d/3db3de9/Build/yaml-cpp/Build/yaml-cpp-Release-prefix/src/yaml-cpp-Release-build/yaml-cpp.build/Release/yaml-cpp.build/Objects-normal/x86_64/scanner.o

CompileC /Users/username/.hunter/_Base/67ab3a0/e6fe91d/3db3de9/Build/yaml-cpp/Build/yaml-cpp-Release-prefix/src/yaml-cpp-Release-build/yaml-cpp.build/Release/yaml-cpp.build/Objects-normal/x86_64/scanscalar.o src/scanscalar.cpp normal x86_64 c++ com.apple.compilers.llvm.clang.1_0.compiler
    cd /Users/username/.hunter/_Base/67ab3a0/e6fe91d/3db3de9/Build/yaml-cpp/Source
    export LANG=en_US.US-ASCII
    /Applications/Xcode.app/Contents/Developer/Toolchains/XcodeDefault.xctoolchain/usr/bin/clang -x c++ -arch x86_64 -fmessage-length=0 -fdiagnostics-show-note-include-stack -fmacro-backtrace-limit=0 -Wno-trigraphs -fpascal-strings -O2 -Wno-missing-field-initializers -Wno-missing-prototypes -Wno-return-type -Wno-non-virtual-dtor -Wno-overloaded-virtual -Wno-exit-time-destructors -Wno-missing-braces -Wparentheses -Wswitch -Wno-unused-function -Wno-unused-label -Wno-unused-parameter -Wno-unused-variable -Wunused-value -Wno-empty-body -Wno-uninitialized -Wno-unknown-pragmas -Wno-shadow -Wno-four-char-constants -Wno-conversion -Wno-constant-conversion -Wno-int-conversion -Wno-bool-conversion -Wno-enum-conversion -Wno-float-conversion -Wno-non-literal-null-conversion -Wno-objc-literal-conversion -Wno-shorten-64-to-32 -Wno-newline-eof -Wno-c++11-extensions -DCMAKE_INTDIR=\"Release\" -isysroot /Applications/Xcode.app/Contents/Developer/Platforms/MacOSX.platform/Developer/SDKs/MacOSX10.13.sdk -fasm-blocks -fstrict-aliasing -Wdeprecated-declarations -Winvalid-offsetof -mmacosx-version-min=10.13 -Wno-sign-conversion -Wno-infinite-recursion -Wno-move -Wno-comma -Wno-block-capture-autoreleasing -Wno-strict-prototypes -Wno-range-loop-analysis -I/Users/username/.hunter/_Base/67ab3a0/e6fe91d/3db3de9/Build/yaml-cpp/Build/yaml-cpp-Release-prefix/src/yaml-cpp-Release-build/Release/include -I/Users/username/.hunter/_Base/67ab3a0/e6fe91d/3db3de9/Build/yaml-cpp/Source/src -I/Users/username/.hunter/_Base/67ab3a0/e6fe91d/3db3de9/Build/yaml-cpp/Source/include -I/Users/username/.hunter/_Base/67ab3a0/e6fe91d/3db3de9/Build/yaml-cpp/Build/yaml-cpp-Release-prefix/src/yaml-cpp-Release-build/yaml-cpp.build/Release/yaml-cpp.build/DerivedSources/x86_64 -I/Users/username/.hunter/_Base/67ab3a0/e6fe91d/3db3de9/Build/yaml-cpp/Build/yaml-cpp-Release-prefix/src/yaml-cpp-Release-build/yaml-cpp.build/Release/yaml-cpp.build/DerivedSources -Wmost -Wno-four-char-constants -Wno-unknown-pragmas -F/Users/username/.hunter/_Base/67ab3a0/e6fe91d/3db3de9/Build/yaml-cpp/Build/yaml-cpp-Release-prefix/src/yaml-cpp-Release-build/Release -Wall -Wextra -pedantic -Wno-long-long -MMD -MT dependencies -MF /Users/username/.hunter/_Base/67ab3a0/e6fe91d/3db3de9/Build/yaml-cpp/Build/yaml-cpp-Release-prefix/src/yaml-cpp-Release-build/yaml-cpp.build/Release/yaml-cpp.build/Objects-normal/x86_64/scanscalar.d --serialize-diagnostics /Users/username/.hunter/_Base/67ab3a0/e6fe91d/3db3de9/Build/yaml-cpp/Build/yaml-cpp-Release-prefix/src/yaml-cpp-Release-build/yaml-cpp.build/Release/yaml-cpp.build/Objects-normal/x86_64/scanscalar.dia -c /Users/username/.hunter/_Base/67ab3a0/e6fe91d/3db3de9/Build/yaml-cpp/Source/src/scanscalar.cpp -o /Users/username/.hunter/_Base/67ab3a0/e6fe91d/3db3de9/Build/yaml-cpp/Build/yaml-cpp-Release-prefix/src/yaml-cpp-Release-build/yaml-cpp.build/Release/yaml-cpp.build/Objects-normal/x86_64/scanscalar.o

CompileC /Users/username/.hunter/_Base/67ab3a0/e6fe91d/3db3de9/Build/yaml-cpp/Build/yaml-cpp-Release-prefix/src/yaml-cpp-Release-build/yaml-cpp.build/Release/yaml-cpp.build/Objects-normal/x86_64/scantag.o src/scantag.cpp normal x86_64 c++ com.apple.compilers.llvm.clang.1_0.compiler
    cd /Users/username/.hunter/_Base/67ab3a0/e6fe91d/3db3de9/Build/yaml-cpp/Source
    export LANG=en_US.US-ASCII
    /Applications/Xcode.app/Contents/Developer/Toolchains/XcodeDefault.xctoolchain/usr/bin/clang -x c++ -arch x86_64 -fmessage-length=0 -fdiagnostics-show-note-include-stack -fmacro-backtrace-limit=0 -Wno-trigraphs -fpascal-strings -O2 -Wno-missing-field-initializers -Wno-missing-prototypes -Wno-return-type -Wno-non-virtual-dtor -Wno-overloaded-virtual -Wno-exit-time-destructors -Wno-missing-braces -Wparentheses -Wswitch -Wno-unused-function -Wno-unused-label -Wno-unused-parameter -Wno-unused-variable -Wunused-value -Wno-empty-body -Wno-uninitialized -Wno-unknown-pragmas -Wno-shadow -Wno-four-char-constants -Wno-conversion -Wno-constant-conversion -Wno-int-conversion -Wno-bool-conversion -Wno-enum-conversion -Wno-float-conversion -Wno-non-literal-null-conversion -Wno-objc-literal-conversion -Wno-shorten-64-to-32 -Wno-newline-eof -Wno-c++11-extensions -DCMAKE_INTDIR=\"Release\" -isysroot /Applications/Xcode.app/Contents/Developer/Platforms/MacOSX.platform/Developer/SDKs/MacOSX10.13.sdk -fasm-blocks -fstrict-aliasing -Wdeprecated-declarations -Winvalid-offsetof -mmacosx-version-min=10.13 -Wno-sign-conversion -Wno-infinite-recursion -Wno-move -Wno-comma -Wno-block-capture-autoreleasing -Wno-strict-prototypes -Wno-range-loop-analysis -I/Users/username/.hunter/_Base/67ab3a0/e6fe91d/3db3de9/Build/yaml-cpp/Build/yaml-cpp-Release-prefix/src/yaml-cpp-Release-build/Release/include -I/Users/username/.hunter/_Base/67ab3a0/e6fe91d/3db3de9/Build/yaml-cpp/Source/src -I/Users/username/.hunter/_Base/67ab3a0/e6fe91d/3db3de9/Build/yaml-cpp/Source/include -I/Users/username/.hunter/_Base/67ab3a0/e6fe91d/3db3de9/Build/yaml-cpp/Build/yaml-cpp-Release-prefix/src/yaml-cpp-Release-build/yaml-cpp.build/Release/yaml-cpp.build/DerivedSources/x86_64 -I/Users/username/.hunter/_Base/67ab3a0/e6fe91d/3db3de9/Build/yaml-cpp/Build/yaml-cpp-Release-prefix/src/yaml-cpp-Release-build/yaml-cpp.build/Release/yaml-cpp.build/DerivedSources -Wmost -Wno-four-char-constants -Wno-unknown-pragmas -F/Users/username/.hunter/_Base/67ab3a0/e6fe91d/3db3de9/Build/yaml-cpp/Build/yaml-cpp-Release-prefix/src/yaml-cpp-Release-build/Release -Wall -Wextra -pedantic -Wno-long-long -MMD -MT dependencies -MF /Users/username/.hunter/_Base/67ab3a0/e6fe91d/3db3de9/Build/yaml-cpp/Build/yaml-cpp-Release-prefix/src/yaml-cpp-Release-build/yaml-cpp.build/Release/yaml-cpp.build/Objects-normal/x86_64/scantag.d --serialize-diagnostics /Users/username/.hunter/_Base/67ab3a0/e6fe91d/3db3de9/Build/yaml-cpp/Build/yaml-cpp-Release-prefix/src/yaml-cpp-Release-build/yaml-cpp.build/Release/yaml-cpp.build/Objects-normal/x86_64/scantag.dia -c /Users/username/.hunter/_Base/67ab3a0/e6fe91d/3db3de9/Build/yaml-cpp/Source/src/scantag.cpp -o /Users/username/.hunter/_Base/67ab3a0/e6fe91d/3db3de9/Build/yaml-cpp/Build/yaml-cpp-Release-prefix/src/yaml-cpp-Release-build/yaml-cpp.build/Release/yaml-cpp.build/Objects-normal/x86_64/scantag.o

CompileC /Users/username/.hunter/_Base/67ab3a0/e6fe91d/3db3de9/Build/yaml-cpp/Build/yaml-cpp-Release-prefix/src/yaml-cpp-Release-build/yaml-cpp.build/Release/yaml-cpp.build/Objects-normal/x86_64/scantoken.o src/scantoken.cpp normal x86_64 c++ com.apple.compilers.llvm.clang.1_0.compiler
    cd /Users/username/.hunter/_Base/67ab3a0/e6fe91d/3db3de9/Build/yaml-cpp/Source
    export LANG=en_US.US-ASCII
    /Applications/Xcode.app/Contents/Developer/Toolchains/XcodeDefault.xctoolchain/usr/bin/clang -x c++ -arch x86_64 -fmessage-length=0 -fdiagnostics-show-note-include-stack -fmacro-backtrace-limit=0 -Wno-trigraphs -fpascal-strings -O2 -Wno-missing-field-initializers -Wno-missing-prototypes -Wno-return-type -Wno-non-virtual-dtor -Wno-overloaded-virtual -Wno-exit-time-destructors -Wno-missing-braces -Wparentheses -Wswitch -Wno-unused-function -Wno-unused-label -Wno-unused-parameter -Wno-unused-variable -Wunused-value -Wno-empty-body -Wno-uninitialized -Wno-unknown-pragmas -Wno-shadow -Wno-four-char-constants -Wno-conversion -Wno-constant-conversion -Wno-int-conversion -Wno-bool-conversion -Wno-enum-conversion -Wno-float-conversion -Wno-non-literal-null-conversion -Wno-objc-literal-conversion -Wno-shorten-64-to-32 -Wno-newline-eof -Wno-c++11-extensions -DCMAKE_INTDIR=\"Release\" -isysroot /Applications/Xcode.app/Contents/Developer/Platforms/MacOSX.platform/Developer/SDKs/MacOSX10.13.sdk -fasm-blocks -fstrict-aliasing -Wdeprecated-declarations -Winvalid-offsetof -mmacosx-version-min=10.13 -Wno-sign-conversion -Wno-infinite-recursion -Wno-move -Wno-comma -Wno-block-capture-autoreleasing -Wno-strict-prototypes -Wno-range-loop-analysis -I/Users/username/.hunter/_Base/67ab3a0/e6fe91d/3db3de9/Build/yaml-cpp/Build/yaml-cpp-Release-prefix/src/yaml-cpp-Release-build/Release/include -I/Users/username/.hunter/_Base/67ab3a0/e6fe91d/3db3de9/Build/yaml-cpp/Source/src -I/Users/username/.hunter/_Base/67ab3a0/e6fe91d/3db3de9/Build/yaml-cpp/Source/include -I/Users/username/.hunter/_Base/67ab3a0/e6fe91d/3db3de9/Build/yaml-cpp/Build/yaml-cpp-Release-prefix/src/yaml-cpp-Release-build/yaml-cpp.build/Release/yaml-cpp.build/DerivedSources/x86_64 -I/Users/username/.hunter/_Base/67ab3a0/e6fe91d/3db3de9/Build/yaml-cpp/Build/yaml-cpp-Release-prefix/src/yaml-cpp-Release-build/yaml-cpp.build/Release/yaml-cpp.build/DerivedSources -Wmost -Wno-four-char-constants -Wno-unknown-pragmas -F/Users/username/.hunter/_Base/67ab3a0/e6fe91d/3db3de9/Build/yaml-cpp/Build/yaml-cpp-Release-prefix/src/yaml-cpp-Release-build/Release -Wall -Wextra -pedantic -Wno-long-long -MMD -MT dependencies -MF /Users/username/.hunter/_Base/67ab3a0/e6fe91d/3db3de9/Build/yaml-cpp/Build/yaml-cpp-Release-prefix/src/yaml-cpp-Release-build/yaml-cpp.build/Release/yaml-cpp.build/Objects-normal/x86_64/scantoken.d --serialize-diagnostics /Users/username/.hunter/_Base/67ab3a0/e6fe91d/3db3de9/Build/yaml-cpp/Build/yaml-cpp-Release-prefix/src/yaml-cpp-Release-build/yaml-cpp.build/Release/yaml-cpp.build/Objects-normal/x86_64/scantoken.dia -c /Users/username/.hunter/_Base/67ab3a0/e6fe91d/3db3de9/Build/yaml-cpp/Source/src/scantoken.cpp -o /Users/username/.hunter/_Base/67ab3a0/e6fe91d/3db3de9/Build/yaml-cpp/Build/yaml-cpp-Release-prefix/src/yaml-cpp-Release-build/yaml-cpp.build/Release/yaml-cpp.build/Objects-normal/x86_64/scantoken.o

CompileC /Users/username/.hunter/_Base/67ab3a0/e6fe91d/3db3de9/Build/yaml-cpp/Build/yaml-cpp-Release-prefix/src/yaml-cpp-Release-build/yaml-cpp.build/Release/yaml-cpp.build/Objects-normal/x86_64/simplekey.o src/simplekey.cpp normal x86_64 c++ com.apple.compilers.llvm.clang.1_0.compiler
    cd /Users/username/.hunter/_Base/67ab3a0/e6fe91d/3db3de9/Build/yaml-cpp/Source
    export LANG=en_US.US-ASCII
    /Applications/Xcode.app/Contents/Developer/Toolchains/XcodeDefault.xctoolchain/usr/bin/clang -x c++ -arch x86_64 -fmessage-length=0 -fdiagnostics-show-note-include-stack -fmacro-backtrace-limit=0 -Wno-trigraphs -fpascal-strings -O2 -Wno-missing-field-initializers -Wno-missing-prototypes -Wno-return-type -Wno-non-virtual-dtor -Wno-overloaded-virtual -Wno-exit-time-destructors -Wno-missing-braces -Wparentheses -Wswitch -Wno-unused-function -Wno-unused-label -Wno-unused-parameter -Wno-unused-variable -Wunused-value -Wno-empty-body -Wno-uninitialized -Wno-unknown-pragmas -Wno-shadow -Wno-four-char-constants -Wno-conversion -Wno-constant-conversion -Wno-int-conversion -Wno-bool-conversion -Wno-enum-conversion -Wno-float-conversion -Wno-non-literal-null-conversion -Wno-objc-literal-conversion -Wno-shorten-64-to-32 -Wno-newline-eof -Wno-c++11-extensions -DCMAKE_INTDIR=\"Release\" -isysroot /Applications/Xcode.app/Contents/Developer/Platforms/MacOSX.platform/Developer/SDKs/MacOSX10.13.sdk -fasm-blocks -fstrict-aliasing -Wdeprecated-declarations -Winvalid-offsetof -mmacosx-version-min=10.13 -Wno-sign-conversion -Wno-infinite-recursion -Wno-move -Wno-comma -Wno-block-capture-autoreleasing -Wno-strict-prototypes -Wno-range-loop-analysis -I/Users/username/.hunter/_Base/67ab3a0/e6fe91d/3db3de9/Build/yaml-cpp/Build/yaml-cpp-Release-prefix/src/yaml-cpp-Release-build/Release/include -I/Users/username/.hunter/_Base/67ab3a0/e6fe91d/3db3de9/Build/yaml-cpp/Source/src -I/Users/username/.hunter/_Base/67ab3a0/e6fe91d/3db3de9/Build/yaml-cpp/Source/include -I/Users/username/.hunter/_Base/67ab3a0/e6fe91d/3db3de9/Build/yaml-cpp/Build/yaml-cpp-Release-prefix/src/yaml-cpp-Release-build/yaml-cpp.build/Release/yaml-cpp.build/DerivedSources/x86_64 -I/Users/username/.hunter/_Base/67ab3a0/e6fe91d/3db3de9/Build/yaml-cpp/Build/yaml-cpp-Release-prefix/src/yaml-cpp-Release-build/yaml-cpp.build/Release/yaml-cpp.build/DerivedSources -Wmost -Wno-four-char-constants -Wno-unknown-pragmas -F/Users/username/.hunter/_Base/67ab3a0/e6fe91d/3db3de9/Build/yaml-cpp/Build/yaml-cpp-Release-prefix/src/yaml-cpp-Release-build/Release -Wall -Wextra -pedantic -Wno-long-long -MMD -MT dependencies -MF /Users/username/.hunter/_Base/67ab3a0/e6fe91d/3db3de9/Build/yaml-cpp/Build/yaml-cpp-Release-prefix/src/yaml-cpp-Release-build/yaml-cpp.build/Release/yaml-cpp.build/Objects-normal/x86_64/simplekey.d --serialize-diagnostics /Users/username/.hunter/_Base/67ab3a0/e6fe91d/3db3de9/Build/yaml-cpp/Build/yaml-cpp-Release-prefix/src/yaml-cpp-Release-build/yaml-cpp.build/Release/yaml-cpp.build/Objects-normal/x86_64/simplekey.dia -c /Users/username/.hunter/_Base/67ab3a0/e6fe91d/3db3de9/Build/yaml-cpp/Source/src/simplekey.cpp -o /Users/username/.hunter/_Base/67ab3a0/e6fe91d/3db3de9/Build/yaml-cpp/Build/yaml-cpp-Release-prefix/src/yaml-cpp-Release-build/yaml-cpp.build/Release/yaml-cpp.build/Objects-normal/x86_64/simplekey.o
In file included from /Users/username/.hunter/_Base/67ab3a0/e6fe91d/3db3de9/Build/yaml-cpp/Source/src/simplekey.cpp:1:
In file included from /Users/username/.hunter/_Base/67ab3a0/e6fe91d/3db3de9/Build/yaml-cpp/Source/src/scanner.h:18:
/Users/username/.hunter/_Base/67ab3a0/e6fe91d/3db3de9/Build/yaml-cpp/Source/src/ptr_vector.h:39:32: error: a space is required between consecutive right angle brackets (use '> >')
  std::vector<std::unique_ptr<T>> m_data;
                               ^~
                               > >

CompileC /Users/username/.hunter/_Base/67ab3a0/e6fe91d/3db3de9/Build/yaml-cpp/Build/yaml-cpp-Release-prefix/src/yaml-cpp-Release-build/yaml-cpp.build/Release/yaml-cpp.build/Objects-normal/x86_64/singledocparser.o src/singledocparser.cpp normal x86_64 c++ com.apple.compilers.llvm.clang.1_0.compiler
    cd /Users/username/.hunter/_Base/67ab3a0/e6fe91d/3db3de9/Build/yaml-cpp/Source
    export LANG=en_US.US-ASCII
    /Applications/Xcode.app/Contents/Developer/Toolchains/XcodeDefault.xctoolchain/usr/bin/clang -x c++ -arch x86_64 -fmessage-length=0 -fdiagnostics-show-note-include-stack -fmacro-backtrace-limit=0 -Wno-trigraphs -fpascal-strings -O2 -Wno-missing-field-initializers -Wno-missing-prototypes -Wno-return-type -Wno-non-virtual-dtor -Wno-overloaded-virtual -Wno-exit-time-destructors -Wno-missing-braces -Wparentheses -Wswitch -Wno-unused-function -Wno-unused-label -Wno-unused-parameter -Wno-unused-variable -Wunused-value -Wno-empty-body -Wno-uninitialized -Wno-unknown-pragmas -Wno-shadow -Wno-four-char-constants -Wno-conversion -Wno-constant-conversion -Wno-int-conversion -Wno-bool-conversion -Wno-enum-conversion -Wno-float-conversion -Wno-non-literal-null-conversion -Wno-objc-literal-conversion -Wno-shorten-64-to-32 -Wno-newline-eof -Wno-c++11-extensions -DCMAKE_INTDIR=\"Release\" -isysroot /Applications/Xcode.app/Contents/Developer/Platforms/MacOSX.platform/Developer/SDKs/MacOSX10.13.sdk -fasm-blocks -fstrict-aliasing -Wdeprecated-declarations -Winvalid-offsetof -mmacosx-version-min=10.13 -Wno-sign-conversion -Wno-infinite-recursion -Wno-move -Wno-comma -Wno-block-capture-autoreleasing -Wno-strict-prototypes -Wno-range-loop-analysis -I/Users/username/.hunter/_Base/67ab3a0/e6fe91d/3db3de9/Build/yaml-cpp/Build/yaml-cpp-Release-prefix/src/yaml-cpp-Release-build/Release/include -I/Users/username/.hunter/_Base/67ab3a0/e6fe91d/3db3de9/Build/yaml-cpp/Source/src -I/Users/username/.hunter/_Base/67ab3a0/e6fe91d/3db3de9/Build/yaml-cpp/Source/include -I/Users/username/.hunter/_Base/67ab3a0/e6fe91d/3db3de9/Build/yaml-cpp/Build/yaml-cpp-Release-prefix/src/yaml-cpp-Release-build/yaml-cpp.build/Release/yaml-cpp.build/DerivedSources/x86_64 -I/Users/username/.hunter/_Base/67ab3a0/e6fe91d/3db3de9/Build/yaml-cpp/Build/yaml-cpp-Release-prefix/src/yaml-cpp-Release-build/yaml-cpp.build/Release/yaml-cpp.build/DerivedSources -Wmost -Wno-four-char-constants -Wno-unknown-pragmas -F/Users/username/.hunter/_Base/67ab3a0/e6fe91d/3db3de9/Build/yaml-cpp/Build/yaml-cpp-Release-prefix/src/yaml-cpp-Release-build/Release -Wall -Wextra -pedantic -Wno-long-long -MMD -MT dependencies -MF /Users/username/.hunter/_Base/67ab3a0/e6fe91d/3db3de9/Build/yaml-cpp/Build/yaml-cpp-Release-prefix/src/yaml-cpp-Release-build/yaml-cpp.build/Release/yaml-cpp.build/Objects-normal/x86_64/singledocparser.d --serialize-diagnostics /Users/username/.hunter/_Base/67ab3a0/e6fe91d/3db3de9/Build/yaml-cpp/Build/yaml-cpp-Release-prefix/src/yaml-cpp-Release-build/yaml-cpp.build/Release/yaml-cpp.build/Objects-normal/x86_64/singledocparser.dia -c /Users/username/.hunter/_Base/67ab3a0/e6fe91d/3db3de9/Build/yaml-cpp/Source/src/singledocparser.cpp -o /Users/username/.hunter/_Base/67ab3a0/e6fe91d/3db3de9/Build/yaml-cpp/Build/yaml-cpp-Release-prefix/src/yaml-cpp-Release-build/yaml-cpp.build/Release/yaml-cpp.build/Objects-normal/x86_64/singledocparser.o

CompileC /Users/username/.hunter/_Base/67ab3a0/e6fe91d/3db3de9/Build/yaml-cpp/Build/yaml-cpp-Release-prefix/src/yaml-cpp-Release-build/yaml-cpp.build/Release/yaml-cpp.build/Objects-normal/x86_64/stream.o src/stream.cpp normal x86_64 c++ com.apple.compilers.llvm.clang.1_0.compiler
    cd /Users/username/.hunter/_Base/67ab3a0/e6fe91d/3db3de9/Build/yaml-cpp/Source
    export LANG=en_US.US-ASCII
    /Applications/Xcode.app/Contents/Developer/Toolchains/XcodeDefault.xctoolchain/usr/bin/clang -x c++ -arch x86_64 -fmessage-length=0 -fdiagnostics-show-note-include-stack -fmacro-backtrace-limit=0 -Wno-trigraphs -fpascal-strings -O2 -Wno-missing-field-initializers -Wno-missing-prototypes -Wno-return-type -Wno-non-virtual-dtor -Wno-overloaded-virtual -Wno-exit-time-destructors -Wno-missing-braces -Wparentheses -Wswitch -Wno-unused-function -Wno-unused-label -Wno-unused-parameter -Wno-unused-variable -Wunused-value -Wno-empty-body -Wno-uninitialized -Wno-unknown-pragmas -Wno-shadow -Wno-four-char-constants -Wno-conversion -Wno-constant-conversion -Wno-int-conversion -Wno-bool-conversion -Wno-enum-conversion -Wno-float-conversion -Wno-non-literal-null-conversion -Wno-objc-literal-conversion -Wno-shorten-64-to-32 -Wno-newline-eof -Wno-c++11-extensions -DCMAKE_INTDIR=\"Release\" -isysroot /Applications/Xcode.app/Contents/Developer/Platforms/MacOSX.platform/Developer/SDKs/MacOSX10.13.sdk -fasm-blocks -fstrict-aliasing -Wdeprecated-declarations -Winvalid-offsetof -mmacosx-version-min=10.13 -Wno-sign-conversion -Wno-infinite-recursion -Wno-move -Wno-comma -Wno-block-capture-autoreleasing -Wno-strict-prototypes -Wno-range-loop-analysis -I/Users/username/.hunter/_Base/67ab3a0/e6fe91d/3db3de9/Build/yaml-cpp/Build/yaml-cpp-Release-prefix/src/yaml-cpp-Release-build/Release/include -I/Users/username/.hunter/_Base/67ab3a0/e6fe91d/3db3de9/Build/yaml-cpp/Source/src -I/Users/username/.hunter/_Base/67ab3a0/e6fe91d/3db3de9/Build/yaml-cpp/Source/include -I/Users/username/.hunter/_Base/67ab3a0/e6fe91d/3db3de9/Build/yaml-cpp/Build/yaml-cpp-Release-prefix/src/yaml-cpp-Release-build/yaml-cpp.build/Release/yaml-cpp.build/DerivedSources/x86_64 -I/Users/username/.hunter/_Base/67ab3a0/e6fe91d/3db3de9/Build/yaml-cpp/Build/yaml-cpp-Release-prefix/src/yaml-cpp-Release-build/yaml-cpp.build/Release/yaml-cpp.build/DerivedSources -Wmost -Wno-four-char-constants -Wno-unknown-pragmas -F/Users/username/.hunter/_Base/67ab3a0/e6fe91d/3db3de9/Build/yaml-cpp/Build/yaml-cpp-Release-prefix/src/yaml-cpp-Release-build/Release -Wall -Wextra -pedantic -Wno-long-long -MMD -MT dependencies -MF /Users/username/.hunter/_Base/67ab3a0/e6fe91d/3db3de9/Build/yaml-cpp/Build/yaml-cpp-Release-prefix/src/yaml-cpp-Release-build/yaml-cpp.build/Release/yaml-cpp.build/Objects-normal/x86_64/stream.d --serialize-diagnostics /Users/username/.hunter/_Base/67ab3a0/e6fe91d/3db3de9/Build/yaml-cpp/Build/yaml-cpp-Release-prefix/src/yaml-cpp-Release-build/yaml-cpp.build/Release/yaml-cpp.build/Objects-normal/x86_64/stream.dia -c /Users/username/.hunter/_Base/67ab3a0/e6fe91d/3db3de9/Build/yaml-cpp/Source/src/stream.cpp -o /Users/username/.hunter/_Base/67ab3a0/e6fe91d/3db3de9/Build/yaml-cpp/Build/yaml-cpp-Release-prefix/src/yaml-cpp-Release-build/yaml-cpp.build/Release/yaml-cpp.build/Objects-normal/x86_64/stream.o

CompileC /Users/username/.hunter/_Base/67ab3a0/e6fe91d/3db3de9/Build/yaml-cpp/Build/yaml-cpp-Release-prefix/src/yaml-cpp-Release-build/yaml-cpp.build/Release/yaml-cpp.build/Objects-normal/x86_64/tag.o src/tag.cpp normal x86_64 c++ com.apple.compilers.llvm.clang.1_0.compiler
    cd /Users/username/.hunter/_Base/67ab3a0/e6fe91d/3db3de9/Build/yaml-cpp/Source
    export LANG=en_US.US-ASCII
    /Applications/Xcode.app/Contents/Developer/Toolchains/XcodeDefault.xctoolchain/usr/bin/clang -x c++ -arch x86_64 -fmessage-length=0 -fdiagnostics-show-note-include-stack -fmacro-backtrace-limit=0 -Wno-trigraphs -fpascal-strings -O2 -Wno-missing-field-initializers -Wno-missing-prototypes -Wno-return-type -Wno-non-virtual-dtor -Wno-overloaded-virtual -Wno-exit-time-destructors -Wno-missing-braces -Wparentheses -Wswitch -Wno-unused-function -Wno-unused-label -Wno-unused-parameter -Wno-unused-variable -Wunused-value -Wno-empty-body -Wno-uninitialized -Wno-unknown-pragmas -Wno-shadow -Wno-four-char-constants -Wno-conversion -Wno-constant-conversion -Wno-int-conversion -Wno-bool-conversion -Wno-enum-conversion -Wno-float-conversion -Wno-non-literal-null-conversion -Wno-objc-literal-conversion -Wno-shorten-64-to-32 -Wno-newline-eof -Wno-c++11-extensions -DCMAKE_INTDIR=\"Release\" -isysroot /Applications/Xcode.app/Contents/Developer/Platforms/MacOSX.platform/Developer/SDKs/MacOSX10.13.sdk -fasm-blocks -fstrict-aliasing -Wdeprecated-declarations -Winvalid-offsetof -mmacosx-version-min=10.13 -Wno-sign-conversion -Wno-infinite-recursion -Wno-move -Wno-comma -Wno-block-capture-autoreleasing -Wno-strict-prototypes -Wno-range-loop-analysis -I/Users/username/.hunter/_Base/67ab3a0/e6fe91d/3db3de9/Build/yaml-cpp/Build/yaml-cpp-Release-prefix/src/yaml-cpp-Release-build/Release/include -I/Users/username/.hunter/_Base/67ab3a0/e6fe91d/3db3de9/Build/yaml-cpp/Source/src -I/Users/username/.hunter/_Base/67ab3a0/e6fe91d/3db3de9/Build/yaml-cpp/Source/include -I/Users/username/.hunter/_Base/67ab3a0/e6fe91d/3db3de9/Build/yaml-cpp/Build/yaml-cpp-Release-prefix/src/yaml-cpp-Release-build/yaml-cpp.build/Release/yaml-cpp.build/DerivedSources/x86_64 -I/Users/username/.hunter/_Base/67ab3a0/e6fe91d/3db3de9/Build/yaml-cpp/Build/yaml-cpp-Release-prefix/src/yaml-cpp-Release-build/yaml-cpp.build/Release/yaml-cpp.build/DerivedSources -Wmost -Wno-four-char-constants -Wno-unknown-pragmas -F/Users/username/.hunter/_Base/67ab3a0/e6fe91d/3db3de9/Build/yaml-cpp/Build/yaml-cpp-Release-prefix/src/yaml-cpp-Release-build/Release -Wall -Wextra -pedantic -Wno-long-long -MMD -MT dependencies -MF /Users/username/.hunter/_Base/67ab3a0/e6fe91d/3db3de9/Build/yaml-cpp/Build/yaml-cpp-Release-prefix/src/yaml-cpp-Release-build/yaml-cpp.build/Release/yaml-cpp.build/Objects-normal/x86_64/tag.d --serialize-diagnostics /Users/username/.hunter/_Base/67ab3a0/e6fe91d/3db3de9/Build/yaml-cpp/Build/yaml-cpp-Release-prefix/src/yaml-cpp-Release-build/yaml-cpp.build/Release/yaml-cpp.build/Objects-normal/x86_64/tag.dia -c /Users/username/.hunter/_Base/67ab3a0/e6fe91d/3db3de9/Build/yaml-cpp/Source/src/tag.cpp -o /Users/username/.hunter/_Base/67ab3a0/e6fe91d/3db3de9/Build/yaml-cpp/Build/yaml-cpp-Release-prefix/src/yaml-cpp-Release-build/yaml-cpp.build/Release/yaml-cpp.build/Objects-normal/x86_64/tag.o

CompileC /Users/username/.hunter/_Base/67ab3a0/e6fe91d/3db3de9/Build/yaml-cpp/Build/yaml-cpp-Release-prefix/src/yaml-cpp-Release-build/yaml-cpp.build/Release/yaml-cpp.build/Objects-normal/x86_64/convert.o src/convert.cpp normal x86_64 c++ com.apple.compilers.llvm.clang.1_0.compiler
    cd /Users/username/.hunter/_Base/67ab3a0/e6fe91d/3db3de9/Build/yaml-cpp/Source
    export LANG=en_US.US-ASCII
    /Applications/Xcode.app/Contents/Developer/Toolchains/XcodeDefault.xctoolchain/usr/bin/clang -x c++ -arch x86_64 -fmessage-length=0 -fdiagnostics-show-note-include-stack -fmacro-backtrace-limit=0 -Wno-trigraphs -fpascal-strings -O2 -Wno-missing-field-initializers -Wno-missing-prototypes -Wno-return-type -Wno-non-virtual-dtor -Wno-overloaded-virtual -Wno-exit-time-destructors -Wno-missing-braces -Wparentheses -Wswitch -Wno-unused-function -Wno-unused-label -Wno-unused-parameter -Wno-unused-variable -Wunused-value -Wno-empty-body -Wno-uninitialized -Wno-unknown-pragmas -Wno-shadow -Wno-four-char-constants -Wno-conversion -Wno-constant-conversion -Wno-int-conversion -Wno-bool-conversion -Wno-enum-conversion -Wno-float-conversion -Wno-non-literal-null-conversion -Wno-objc-literal-conversion -Wno-shorten-64-to-32 -Wno-newline-eof -Wno-c++11-extensions -DCMAKE_INTDIR=\"Release\" -isysroot /Applications/Xcode.app/Contents/Developer/Platforms/MacOSX.platform/Developer/SDKs/MacOSX10.13.sdk -fasm-blocks -fstrict-aliasing -Wdeprecated-declarations -Winvalid-offsetof -mmacosx-version-min=10.13 -Wno-sign-conversion -Wno-infinite-recursion -Wno-move -Wno-comma -Wno-block-capture-autoreleasing -Wno-strict-prototypes -Wno-range-loop-analysis -I/Users/username/.hunter/_Base/67ab3a0/e6fe91d/3db3de9/Build/yaml-cpp/Build/yaml-cpp-Release-prefix/src/yaml-cpp-Release-build/Release/include -I/Users/username/.hunter/_Base/67ab3a0/e6fe91d/3db3de9/Build/yaml-cpp/Source/src -I/Users/username/.hunter/_Base/67ab3a0/e6fe91d/3db3de9/Build/yaml-cpp/Source/include -I/Users/username/.hunter/_Base/67ab3a0/e6fe91d/3db3de9/Build/yaml-cpp/Build/yaml-cpp-Release-prefix/src/yaml-cpp-Release-build/yaml-cpp.build/Release/yaml-cpp.build/DerivedSources/x86_64 -I/Users/username/.hunter/_Base/67ab3a0/e6fe91d/3db3de9/Build/yaml-cpp/Build/yaml-cpp-Release-prefix/src/yaml-cpp-Release-build/yaml-cpp.build/Release/yaml-cpp.build/DerivedSources -Wmost -Wno-four-char-constants -Wno-unknown-pragmas -F/Users/username/.hunter/_Base/67ab3a0/e6fe91d/3db3de9/Build/yaml-cpp/Build/yaml-cpp-Release-prefix/src/yaml-cpp-Release-build/Release -Wall -Wextra -pedantic -Wno-long-long -MMD -MT dependencies -MF /Users/username/.hunter/_Base/67ab3a0/e6fe91d/3db3de9/Build/yaml-cpp/Build/yaml-cpp-Release-prefix/src/yaml-cpp-Release-build/yaml-cpp.build/Release/yaml-cpp.build/Objects-normal/x86_64/convert.d --serialize-diagnostics /Users/username/.hunter/_Base/67ab3a0/e6fe91d/3db3de9/Build/yaml-cpp/Build/yaml-cpp-Release-prefix/src/yaml-cpp-Release-build/yaml-cpp.build/Release/yaml-cpp.build/Objects-normal/x86_64/convert.dia -c /Users/username/.hunter/_Base/67ab3a0/e6fe91d/3db3de9/Build/yaml-cpp/Source/src/convert.cpp -o /Users/username/.hunter/_Base/67ab3a0/e6fe91d/3db3de9/Build/yaml-cpp/Build/yaml-cpp-Release-prefix/src/yaml-cpp-Release-build/yaml-cpp.build/Release/yaml-cpp.build/Objects-normal/x86_64/convert.o

CompileC /Users/username/.hunter/_Base/67ab3a0/e6fe91d/3db3de9/Build/yaml-cpp/Build/yaml-cpp-Release-prefix/src/yaml-cpp-Release-build/yaml-cpp.build/Release/yaml-cpp.build/Objects-normal/x86_64/emitterstate.o src/emitterstate.cpp normal x86_64 c++ com.apple.compilers.llvm.clang.1_0.compiler
    cd /Users/username/.hunter/_Base/67ab3a0/e6fe91d/3db3de9/Build/yaml-cpp/Source
    export LANG=en_US.US-ASCII
    /Applications/Xcode.app/Contents/Developer/Toolchains/XcodeDefault.xctoolchain/usr/bin/clang -x c++ -arch x86_64 -fmessage-length=0 -fdiagnostics-show-note-include-stack -fmacro-backtrace-limit=0 -Wno-trigraphs -fpascal-strings -O2 -Wno-missing-field-initializers -Wno-missing-prototypes -Wno-return-type -Wno-non-virtual-dtor -Wno-overloaded-virtual -Wno-exit-time-destructors -Wno-missing-braces -Wparentheses -Wswitch -Wno-unused-function -Wno-unused-label -Wno-unused-parameter -Wno-unused-variable -Wunused-value -Wno-empty-body -Wno-uninitialized -Wno-unknown-pragmas -Wno-shadow -Wno-four-char-constants -Wno-conversion -Wno-constant-conversion -Wno-int-conversion -Wno-bool-conversion -Wno-enum-conversion -Wno-float-conversion -Wno-non-literal-null-conversion -Wno-objc-literal-conversion -Wno-shorten-64-to-32 -Wno-newline-eof -Wno-c++11-extensions -DCMAKE_INTDIR=\"Release\" -isysroot /Applications/Xcode.app/Contents/Developer/Platforms/MacOSX.platform/Developer/SDKs/MacOSX10.13.sdk -fasm-blocks -fstrict-aliasing -Wdeprecated-declarations -Winvalid-offsetof -mmacosx-version-min=10.13 -Wno-sign-conversion -Wno-infinite-recursion -Wno-move -Wno-comma -Wno-block-capture-autoreleasing -Wno-strict-prototypes -Wno-range-loop-analysis -I/Users/username/.hunter/_Base/67ab3a0/e6fe91d/3db3de9/Build/yaml-cpp/Build/yaml-cpp-Release-prefix/src/yaml-cpp-Release-build/Release/include -I/Users/username/.hunter/_Base/67ab3a0/e6fe91d/3db3de9/Build/yaml-cpp/Source/src -I/Users/username/.hunter/_Base/67ab3a0/e6fe91d/3db3de9/Build/yaml-cpp/Source/include -I/Users/username/.hunter/_Base/67ab3a0/e6fe91d/3db3de9/Build/yaml-cpp/Build/yaml-cpp-Release-prefix/src/yaml-cpp-Release-build/yaml-cpp.build/Release/yaml-cpp.build/DerivedSources/x86_64 -I/Users/username/.hunter/_Base/67ab3a0/e6fe91d/3db3de9/Build/yaml-cpp/Build/yaml-cpp-Release-prefix/src/yaml-cpp-Release-build/yaml-cpp.build/Release/yaml-cpp.build/DerivedSources -Wmost -Wno-four-char-constants -Wno-unknown-pragmas -F/Users/username/.hunter/_Base/67ab3a0/e6fe91d/3db3de9/Build/yaml-cpp/Build/yaml-cpp-Release-prefix/src/yaml-cpp-Release-build/Release -Wall -Wextra -pedantic -Wno-long-long -MMD -MT dependencies -MF /Users/username/.hunter/_Base/67ab3a0/e6fe91d/3db3de9/Build/yaml-cpp/Build/yaml-cpp-Release-prefix/src/yaml-cpp-Release-build/yaml-cpp.build/Release/yaml-cpp.build/Objects-normal/x86_64/emitterstate.d --serialize-diagnostics /Users/username/.hunter/_Base/67ab3a0/e6fe91d/3db3de9/Build/yaml-cpp/Build/yaml-cpp-Release-prefix/src/yaml-cpp-Release-build/yaml-cpp.build/Release/yaml-cpp.build/Objects-normal/x86_64/emitterstate.dia -c /Users/username/.hunter/_Base/67ab3a0/e6fe91d/3db3de9/Build/yaml-cpp/Source/src/emitterstate.cpp -o /Users/username/.hunter/_Base/67ab3a0/e6fe91d/3db3de9/Build/yaml-cpp/Build/yaml-cpp-Release-prefix/src/yaml-cpp-Release-build/yaml-cpp.build/Release/yaml-cpp.build/Objects-normal/x86_64/emitterstate.o
In file included from /Users/username/.hunter/_Base/67ab3a0/e6fe91d/3db3de9/Build/yaml-cpp/Source/src/emitterstate.cpp:3:
In file included from /Users/username/.hunter/_Base/67ab3a0/e6fe91d/3db3de9/Build/yaml-cpp/Source/src/emitterstate.h:10:
/Users/username/.hunter/_Base/67ab3a0/e6fe91d/3db3de9/Build/yaml-cpp/Source/src/setting.h:55:10: error: calling a private constructor of class 'std::__1::unique_ptr<YAML::SettingChangeBase, std::__1::default_delete<YAML::SettingChangeBase> >'
  return pChange;
         ^
In file included from /Users/username/.hunter/_Base/67ab3a0/e6fe91d/3db3de9/Build/yaml-cpp/Source/src/emitterstate.cpp:3:
In file included from /Users/username/.hunter/_Base/67ab3a0/e6fe91d/3db3de9/Build/yaml-cpp/Source/src/emitterstate.h:10:
In file included from /Users/username/.hunter/_Base/67ab3a0/e6fe91d/3db3de9/Build/yaml-cpp/Source/src/setting.h:10:
/Applications/Xcode.app/Contents/Developer/Toolchains/XcodeDefault.xctoolchain/usr/include/c++/v1/memory:2435:5: note: declared private here
    unique_ptr(unique_ptr&);
    ^
In file included from /Users/username/.hunter/_Base/67ab3a0/e6fe91d/3db3de9/Build/yaml-cpp/Source/src/emitterstate.cpp:3:
In file included from /Users/username/.hunter/_Base/67ab3a0/e6fe91d/3db3de9/Build/yaml-cpp/Source/src/emitterstate.h:10:
/Users/username/.hunter/_Base/67ab3a0/e6fe91d/3db3de9/Build/yaml-cpp/Source/src/setting.h:90:56: error: a space is required between consecutive right angle brackets (use '> >')
  typedef std::vector<std::unique_ptr<SettingChangeBase>> setting_changes;
                                                       ^~
                                                       > >
/Users/username/.hunter/_Base/67ab3a0/e6fe91d/3db3de9/Build/yaml-cpp/Source/src/setting.h:75:32: warning: no viable constructor copying parameter of type 'unique_ptr<YAML::SettingChangeBase, std::__1::default_delete<YAML::SettingChangeBase> >'; C++98 requires a copy constructor when binding a reference to a temporary [-Wbind-to-temporary-copy]
    m_settingChanges.push_back(std::move(pSettingChange));
                               ^~~~~~~~~~~~~~~~~~~~~~~~~
In file included from /Users/username/.hunter/_Base/67ab3a0/e6fe91d/3db3de9/Build/yaml-cpp/Source/src/emitterstate.cpp:3:
In file included from /Users/username/.hunter/_Base/67ab3a0/e6fe91d/3db3de9/Build/yaml-cpp/Source/src/emitterstate.h:10:
In file included from /Users/username/.hunter/_Base/67ab3a0/e6fe91d/3db3de9/Build/yaml-cpp/Source/src/setting.h:10:
/Applications/Xcode.app/Contents/Developer/Toolchains/XcodeDefault.xctoolchain/usr/include/c++/v1/memory:2435:5: note: candidate constructor not viable: expects an l-value for 1st argument
    unique_ptr(unique_ptr&);
    ^
/Applications/Xcode.app/Contents/Developer/Toolchains/XcodeDefault.xctoolchain/usr/include/c++/v1/memory:2437:9: note: candidate constructor [with _Up = YAML::SettingChangeBase, _Ep = std::__1::default_delete<YAML::SettingChangeBase>] not viable: expects an l-value for 1st argument
        unique_ptr(unique_ptr<_Up, _Ep>&);
        ^
/Applications/Xcode.app/Contents/Developer/Toolchains/XcodeDefault.xctoolchain/usr/include/c++/v1/memory:2454:49: note: candidate constructor not viable: no known conversion from 'unique_ptr<YAML::SettingChangeBase, std::__1::default_delete<YAML::SettingChangeBase> >' to 'std::__1::nullptr_t' for 1st argument
    _LIBCPP_INLINE_VISIBILITY _LIBCPP_CONSTEXPR unique_ptr(nullptr_t) _NOEXCEPT
                                                ^
/Applications/Xcode.app/Contents/Developer/Toolchains/XcodeDefault.xctoolchain/usr/include/c++/v1/memory:2460:40: note: candidate constructor not viable: no known conversion from 'unique_ptr<YAML::SettingChangeBase, std::__1::default_delete<YAML::SettingChangeBase> >' to 'pointer' (aka 'YAML::SettingChangeBase *') for 1st argument
    _LIBCPP_INLINE_VISIBILITY explicit unique_ptr(pointer __p) _NOEXCEPT
                                       ^
/Applications/Xcode.app/Contents/Developer/Toolchains/XcodeDefault.xctoolchain/usr/include/c++/v1/memory:2539:31: note: candidate constructor not viable: no known conversion from 'unique_ptr<YAML::SettingChangeBase, std::__1::default_delete<YAML::SettingChangeBase> >' to '__rv<std::__1::unique_ptr<YAML::SettingChangeBase, std::__1::default_delete<YAML::SettingChangeBase> > >' for 1st argument
    _LIBCPP_INLINE_VISIBILITY unique_ptr(__rv<unique_ptr> __u)
                              ^
/Applications/Xcode.app/Contents/Developer/Toolchains/XcodeDefault.xctoolchain/usr/include/c++/v1/memory:2448:49: note: candidate constructor not viable: requires 0 arguments, but 1 was provided
    _LIBCPP_INLINE_VISIBILITY _LIBCPP_CONSTEXPR unique_ptr() _NOEXCEPT
                                                ^
/Applications/Xcode.app/Contents/Developer/Toolchains/XcodeDefault.xctoolchain/usr/include/c++/v1/memory:2557:31: note: candidate constructor not viable: requires 2 arguments, but 1 was provided
    _LIBCPP_INLINE_VISIBILITY unique_ptr(pointer __p, deleter_type __d)
                              ^
In file included from /Users/username/.hunter/_Base/67ab3a0/e6fe91d/3db3de9/Build/yaml-cpp/Source/src/emitterstate.cpp:3:
/Users/username/.hunter/_Base/67ab3a0/e6fe91d/3db3de9/Build/yaml-cpp/Source/src/emitterstate.h:177:36: error: a space is required between consecutive right angle brackets (use '> >')
  std::vector<std::unique_ptr<Group>> m_groups;
                                   ^~
                                   > >

** BUILD FAILED **


The following build commands failed:
	CompileC /Users/username/.hunter/_Base/67ab3a0/e6fe91d/3db3de9/Build/yaml-cpp/Build/yaml-cpp-Release-prefix/src/yaml-cpp-Release-build/yaml-cpp.build/Release/yaml-cpp.build/Objects-normal/x86_64/memory.o src/memory.cpp normal x86_64 c++ com.apple.compilers.llvm.clang.1_0.compiler
	CompileC /Users/username/.hunter/_Base/67ab3a0/e6fe91d/3db3de9/Build/yaml-cpp/Build/yaml-cpp-Release-prefix/src/yaml-cpp-Release-build/yaml-cpp.build/Release/yaml-cpp.build/Objects-normal/x86_64/nodeevents.o src/nodeevents.cpp normal x86_64 c++ com.apple.compilers.llvm.clang.1_0.compiler
(2 failures)
make: *** [/Users/username/.hunter/_Base/67ab3a0/e6fe91d/3db3de9/Build/yaml-cpp/Build/yaml-cpp-Release-prefix/src/yaml-cpp-Release-stamp/Debug/yaml-cpp-Release-build] Error 65

** BUILD FAILED **


The following build commands failed:
	PhaseScriptExecution CMake\ Rules Build/Hunter.build/Debug/yaml-cpp-Release.build/Script-DEBC0C6110EC4AAC8CD5AF8B.sh
(1 failure)

[hunter ** FATAL ERROR **] Build step failed (dir: /Users/username/.hunter/_Base/67ab3a0/e6fe91d/3db3de9/Build/yaml-cpp
[hunter ** FATAL ERROR **] [Directory:/Users/username/.hunter/_Base/Download/Hunter/0.19.188/67ab3a0/Unpacked/cmake/projects/yaml-cpp]

------------------------------ WIKI -------------------------------
    https://github.com/ruslo/hunter/wiki/error.external.build.failed
-------------------------------------------------------------------

CMake Error at /Users/username/.hunter/_Base/Download/Hunter/0.19.188/67ab3a0/Unpacked/cmake/modules/hunter_wiki.cmake:12 (message):
Call Stack (most recent call first):
  /Users/username/.hunter/_Base/Download/Hunter/0.19.188/67ab3a0/Unpacked/cmake/modules/hunter_fatal_error.cmake:20 (hunter_wiki)
  /Users/username/.hunter/_Base/Download/Hunter/0.19.188/67ab3a0/Unpacked/cmake/modules/hunter_download.cmake:642 (hunter_fatal_error)
  /Users/username/.hunter/_Base/Download/Hunter/0.19.188/67ab3a0/Unpacked/cmake/projects/yaml-cpp/hunter.cmake:35 (hunter_download)
  /Users/username/.hunter/_Base/Download/Hunter/0.19.188/67ab3a0/Unpacked/cmake/modules/hunter_add_package.cmake:53 (include)
  CMakeLists.txt:38 (hunter_add_package)


-- Configuring incomplete, errors occurred!
See also "/Users/username/workspace/hunter-example/mac/build/CMakeFiles/CMakeOutput.log".